2023-12-13 03:52:28,303 INFO  Logger.cs: 70 - 
--------------------------------------------------------------------------------
2023-12-13 03:52:28,338 INFO  Logger.cs: 71 - Logging commencing for SW2URDF exporter
2023-12-13 03:52:28,339 INFO  Logger.cs: 73 - Commit version 1.6.0-4-g7f85cfe
2023-12-13 03:52:28,340 INFO  Logger.cs: 74 - Build version 1.6.7995.38578
2023-12-13 03:52:28,342 INFO  SwAddin.cs: 192 - Attempting to connect to SW
2023-12-13 03:52:28,343 INFO  SwAddin.cs: 197 - Setting up callbacks
2023-12-13 03:52:28,344 INFO  SwAddin.cs: 201 - Setting up command manager
2023-12-13 03:52:28,348 INFO  SwAddin.cs: 204 - Adding command manager
2023-12-13 03:52:28,350 INFO  SwAddin.cs: 263 - Adding Assembly export to file menu
2023-12-13 03:52:28,351 INFO  SwAddin.cs: 272 - Adding Part export to file menu
2023-12-13 03:52:28,352 INFO  SwAddin.cs: 210 - Adding event handlers
2023-12-13 03:52:28,355 INFO  SwAddin.cs: 217 - Connecting plugin to SolidWorks
2023-12-13 04:27:21,993 INFO  SwAddin.cs: 294 - Assembly export called for file Assem1
2023-12-13 04:27:21,997 INFO  SwAddin.cs: 299 - Save is required
2023-12-13 04:27:21,998 INFO  SwAddin.cs: 313 - Saving assembly
2023-12-13 04:27:22,000 INFO  SwAddin.cs: 316 - Opening property manager
2023-12-13 04:27:22,038 INFO  ExportHelperExtension.cs: 1125 - Retrieving features of type [CoordSys] from Assem1
2023-12-13 04:27:22,049 INFO  ExportHelperExtension.cs: 1136 - Found 33 in Assem1
2023-12-13 04:27:22,051 INFO  ExportHelperExtension.cs: 1145 - Found 0 features of type [CoordSys] in Assem1
2023-12-13 04:27:22,052 INFO  ExportHelperExtension.cs: 1148 - Proceeding through assembly components
2023-12-13 04:27:22,057 INFO  ExportHelperExtension.cs: 1160 - 3 components to check
2023-12-13 04:27:22,059 INFO  ExportHelperExtension.cs: 1125 - Retrieving features of type [CoordSys] from Part1-1
2023-12-13 04:27:22,061 INFO  ExportHelperExtension.cs: 1136 - Found 35 in Part1-1
2023-12-13 04:27:22,062 INFO  ExportHelperExtension.cs: 1145 - Found 0 features of type [CoordSys] in Part1-1
2023-12-13 04:27:22,064 INFO  ExportHelperExtension.cs: 1125 - Retrieving features of type [CoordSys] from Part2-1
2023-12-13 04:27:22,065 INFO  ExportHelperExtension.cs: 1136 - Found 35 in Part2-1
2023-12-13 04:27:22,067 INFO  ExportHelperExtension.cs: 1145 - Found 0 features of type [CoordSys] in Part2-1
2023-12-13 04:27:22,069 INFO  ExportHelperExtension.cs: 1125 - Retrieving features of type [CoordSys] from Part3-1
2023-12-13 04:27:22,070 INFO  ExportHelperExtension.cs: 1136 - Found 35 in Part3-1
2023-12-13 04:27:22,072 INFO  ExportHelperExtension.cs: 1145 - Found 0 features of type [CoordSys] in Part3-1
2023-12-13 04:27:22,074 INFO  ExportHelperExtension.cs: 1125 - Retrieving features of type [RefAxis] from Assem1
2023-12-13 04:27:22,075 INFO  ExportHelperExtension.cs: 1136 - Found 33 in Assem1
2023-12-13 04:27:22,076 INFO  ExportHelperExtension.cs: 1145 - Found 2 features of type [RefAxis] in Assem1
2023-12-13 04:27:22,077 INFO  ExportHelperExtension.cs: 1148 - Proceeding through assembly components
2023-12-13 04:27:22,078 INFO  ExportHelperExtension.cs: 1160 - 3 components to check
2023-12-13 04:27:22,078 INFO  ExportHelperExtension.cs: 1125 - Retrieving features of type [RefAxis] from Part1-1
2023-12-13 04:27:22,079 INFO  ExportHelperExtension.cs: 1136 - Found 35 in Part1-1
2023-12-13 04:27:22,079 INFO  ExportHelperExtension.cs: 1145 - Found 0 features of type [RefAxis] in Part1-1
2023-12-13 04:27:22,079 INFO  ExportHelperExtension.cs: 1125 - Retrieving features of type [RefAxis] from Part2-1
2023-12-13 04:27:22,081 INFO  ExportHelperExtension.cs: 1136 - Found 35 in Part2-1
2023-12-13 04:27:22,082 INFO  ExportHelperExtension.cs: 1145 - Found 0 features of type [RefAxis] in Part2-1
2023-12-13 04:27:22,082 INFO  ExportHelperExtension.cs: 1125 - Retrieving features of type [RefAxis] from Part3-1
2023-12-13 04:27:22,082 INFO  ExportHelperExtension.cs: 1136 - Found 35 in Part3-1
2023-12-13 04:27:22,084 INFO  ExportHelperExtension.cs: 1145 - Found 0 features of type [RefAxis] in Part3-1
2023-12-13 04:27:22,687 INFO  SwAddin.cs: 339 - Loading config tree
2023-12-13 04:27:22,692 INFO  ExportPropertyManagerExtension.cs: 520 - Starting new configuration
2023-12-13 04:27:22,697 INFO  SwAddin.cs: 344 - Showing property manager
2023-12-13 04:27:36,965 INFO  ExportPropertyManager.cs: 416 - Configuration canceled
2023-12-13 04:27:37,084 INFO  ExportPropertyManager.cs: 1142 - AfterClose called. This method no longer throws an Exception. It just silently does nothing. Ok, except for this logging message
2023-12-13 04:30:44,559 INFO  SwAddin.cs: 294 - Assembly export called for file Assem1
2023-12-13 04:30:44,560 INFO  SwAddin.cs: 299 - Save is required
2023-12-13 04:30:44,560 INFO  SwAddin.cs: 313 - Saving assembly
2023-12-13 04:30:44,560 INFO  SwAddin.cs: 316 - Opening property manager
2023-12-13 04:30:44,561 INFO  ExportHelperExtension.cs: 1125 - Retrieving features of type [CoordSys] from Assem1
2023-12-13 04:30:44,561 INFO  ExportHelperExtension.cs: 1136 - Found 35 in Assem1
2023-12-13 04:30:44,562 INFO  ExportHelperExtension.cs: 1145 - Found 1 features of type [CoordSys] in Assem1
2023-12-13 04:30:44,562 INFO  ExportHelperExtension.cs: 1148 - Proceeding through assembly components
2023-12-13 04:30:44,563 INFO  ExportHelperExtension.cs: 1160 - 3 components to check
2023-12-13 04:30:44,563 INFO  ExportHelperExtension.cs: 1125 - Retrieving features of type [CoordSys] from Part1-1
2023-12-13 04:30:44,564 INFO  ExportHelperExtension.cs: 1136 - Found 35 in Part1-1
2023-12-13 04:30:44,564 INFO  ExportHelperExtension.cs: 1145 - Found 0 features of type [CoordSys] in Part1-1
2023-12-13 04:30:44,564 INFO  ExportHelperExtension.cs: 1125 - Retrieving features of type [CoordSys] from Part2-1
2023-12-13 04:30:44,565 INFO  ExportHelperExtension.cs: 1136 - Found 35 in Part2-1
2023-12-13 04:30:44,565 INFO  ExportHelperExtension.cs: 1145 - Found 0 features of type [CoordSys] in Part2-1
2023-12-13 04:30:44,566 INFO  ExportHelperExtension.cs: 1125 - Retrieving features of type [CoordSys] from Part3-1
2023-12-13 04:30:44,566 INFO  ExportHelperExtension.cs: 1136 - Found 35 in Part3-1
2023-12-13 04:30:44,567 INFO  ExportHelperExtension.cs: 1145 - Found 0 features of type [CoordSys] in Part3-1
2023-12-13 04:30:44,567 INFO  ExportHelperExtension.cs: 1125 - Retrieving features of type [RefAxis] from Assem1
2023-12-13 04:30:44,567 INFO  ExportHelperExtension.cs: 1136 - Found 35 in Assem1
2023-12-13 04:30:44,568 INFO  ExportHelperExtension.cs: 1145 - Found 2 features of type [RefAxis] in Assem1
2023-12-13 04:30:44,568 INFO  ExportHelperExtension.cs: 1148 - Proceeding through assembly components
2023-12-13 04:30:44,569 INFO  ExportHelperExtension.cs: 1160 - 3 components to check
2023-12-13 04:30:44,569 INFO  ExportHelperExtension.cs: 1125 - Retrieving features of type [RefAxis] from Part1-1
2023-12-13 04:30:44,569 INFO  ExportHelperExtension.cs: 1136 - Found 35 in Part1-1
2023-12-13 04:30:44,570 INFO  ExportHelperExtension.cs: 1145 - Found 0 features of type [RefAxis] in Part1-1
2023-12-13 04:30:44,570 INFO  ExportHelperExtension.cs: 1125 - Retrieving features of type [RefAxis] from Part2-1
2023-12-13 04:30:44,571 INFO  ExportHelperExtension.cs: 1136 - Found 35 in Part2-1
2023-12-13 04:30:44,573 INFO  ExportHelperExtension.cs: 1145 - Found 0 features of type [RefAxis] in Part2-1
2023-12-13 04:30:44,573 INFO  ExportHelperExtension.cs: 1125 - Retrieving features of type [RefAxis] from Part3-1
2023-12-13 04:30:44,574 INFO  ExportHelperExtension.cs: 1136 - Found 35 in Part3-1
2023-12-13 04:30:44,574 INFO  ExportHelperExtension.cs: 1145 - Found 0 features of type [RefAxis] in Part3-1
2023-12-13 04:30:44,792 INFO  SwAddin.cs: 339 - Loading config tree
2023-12-13 04:30:44,793 INFO  ExportPropertyManagerExtension.cs: 520 - Starting new configuration
2023-12-13 04:30:44,797 INFO  SwAddin.cs: 344 - Showing property manager
2023-12-13 04:30:49,015 INFO  ExportPropertyManager.cs: 1018 - OnComboboxSelectionChanged called. This method no longer throws an Exception. It just silently does nothing. Ok, except for this logging message
2023-12-13 04:31:02,504 INFO  ExportPropertyManager.cs: 1136 - OnNumberBoxTrackingCompleted called. This method no longer throws an Exception. It just silently does nothing. Ok, except for this logging message
2023-12-13 04:31:45,751 INFO  ExportPropertyManager.cs: 1018 - OnComboboxSelectionChanged called. This method no longer throws an Exception. It just silently does nothing. Ok, except for this logging message
2023-12-13 04:31:47,453 INFO  ExportPropertyManager.cs: 1018 - OnComboboxSelectionChanged called. This method no longer throws an Exception. It just silently does nothing. Ok, except for this logging message
2023-12-13 04:31:58,896 INFO  ExportPropertyManager.cs: 1018 - OnComboboxSelectionChanged called. This method no longer throws an Exception. It just silently does nothing. Ok, except for this logging message
2023-12-13 04:32:16,672 INFO  ExportPropertyManager.cs: 1136 - OnNumberBoxTrackingCompleted called. This method no longer throws an Exception. It just silently does nothing. Ok, except for this logging message
2023-12-13 04:32:33,943 INFO  ExportPropertyManager.cs: 1018 - OnComboboxSelectionChanged called. This method no longer throws an Exception. It just silently does nothing. Ok, except for this logging message
2023-12-13 04:32:39,527 INFO  ExportPropertyManager.cs: 1018 - OnComboboxSelectionChanged called. This method no longer throws an Exception. It just silently does nothing. Ok, except for this logging message
2023-12-13 04:33:23,341 INFO  ExportPropertyManager.cs: 422 - Configuration saved
2023-12-13 04:33:23,784 INFO  ExportHelperExtension.cs: 347 - Creating joint link_1
2023-12-13 04:33:23,794 INFO  ExportHelperExtension.cs: 1397 - Fixing components for base_link
2023-12-13 04:33:23,796 INFO  ExportHelperExtension.cs: 1402 - Fixing 24
2023-12-13 04:33:23,797 INFO  ExportHelperExtension.cs: 1409 - Component 24 is already fixed
2023-12-13 04:33:24,237 INFO  : 0 - R1: 1, System.__ComObject, 1, System.Double[]
2023-12-13 04:33:24,247 INFO  ExportHelperExtension.cs: 841 - R2: 0, 0
2023-12-13 04:33:24,247 INFO  ExportHelperExtension.cs: 849 - L1: 0
2023-12-13 04:33:24,248 INFO  ExportHelperExtension.cs: 857 - L2: 0
2023-12-13 04:33:24,593 ERROR ExportPropertyManager.cs: 399 - Exception caught handling button press 17
System.Exception: Reference sketch  does not exist
   at SW2URDF.URDFExport.ExportHelper.AddSketchGeometry(Origin Origin) in C:\Users\Stephen Brawner\workspace\solidworks_urdf_exporter\SW2URDF\URDFExport\ExportHelperExtension.cs:line 696
   at SW2URDF.URDFExport.ExportHelper.CreateRefOrigin(Origin Origin, String CoordinateSystemName) in C:\Users\Stephen Brawner\workspace\solidworks_urdf_exporter\SW2URDF\URDFExport\ExportHelperExtension.cs:line 494
   at SW2URDF.URDFExport.ExportHelper.CreateRefOrigin(Joint Joint) in C:\Users\Stephen Brawner\workspace\solidworks_urdf_exporter\SW2URDF\URDFExport\ExportHelperExtension.cs:line 486
   at SW2URDF.URDFExport.ExportHelper.CreateJoint(Link parent, Link child) in C:\Users\Stephen Brawner\workspace\solidworks_urdf_exporter\SW2URDF\URDFExport\ExportHelperExtension.cs:line 454
   at SW2URDF.URDFExport.ExportHelper.CreateLinkFromComponents(Link parent, LinkNode node) in C:\Users\Stephen Brawner\workspace\solidworks_urdf_exporter\SW2URDF\URDFExport\ExportHelperExtension.cs:line 348
   at SW2URDF.URDFExport.ExportHelper.CreateLink(LinkNode node, Int32 count) in C:\Users\Stephen Brawner\workspace\solidworks_urdf_exporter\SW2URDF\URDFExport\ExportHelperExtension.cs:line 215
   at SW2URDF.URDFExport.ExportHelper.CreateLink(LinkNode node, Int32 count) in C:\Users\Stephen Brawner\workspace\solidworks_urdf_exporter\SW2URDF\URDFExport\ExportHelperExtension.cs:line 227
   at SW2URDF.URDFExport.ExportHelper.CreateRobotFromTreeView(LinkNode baseNode) in C:\Users\Stephen Brawner\workspace\solidworks_urdf_exporter\SW2URDF\URDFExport\ExportHelperExtension.cs:line 169
   at SW2URDF.URDFExport.ExportPropertyManager.ExportButtonPress() in C:\Users\Stephen Brawner\workspace\solidworks_urdf_exporter\SW2URDF\URDFExport\ExportPropertyManager.cs:line 239
   at SW2URDF.URDFExport.ExportPropertyManager.OnButtonPress(Int32 Id) in C:\Users\Stephen Brawner\workspace\solidworks_urdf_exporter\SW2URDF\URDFExport\ExportPropertyManager.cs:line 381
   at SW2URDF.URDFExport.ExportPropertyManager.SolidWorks.Interop.swpublished.IPropertyManagerPage2Handler9.OnButtonPress(Int32 Id) in C:\Users\Stephen Brawner\workspace\solidworks_urdf_exporter\SW2URDF\URDFExport\ExportPropertyManager.cs:line 399
2023-12-13 04:33:24,667 INFO  ExportPropertyManager.cs: 1142 - AfterClose called. This method no longer throws an Exception. It just silently does nothing. Ok, except for this logging message
2023-12-13 04:40:13,321 INFO  SwAddin.cs: 294 - Assembly export called for file Assem1
2023-12-13 04:40:13,322 INFO  SwAddin.cs: 299 - Save is required
2023-12-13 04:40:13,322 INFO  SwAddin.cs: 313 - Saving assembly
2023-12-13 04:40:13,322 INFO  SwAddin.cs: 316 - Opening property manager
2023-12-13 04:40:13,323 INFO  ExportHelperExtension.cs: 1125 - Retrieving features of type [CoordSys] from Assem1
2023-12-13 04:40:13,323 INFO  ExportHelperExtension.cs: 1136 - Found 35 in Assem1
2023-12-13 04:40:13,324 INFO  ExportHelperExtension.cs: 1145 - Found 1 features of type [CoordSys] in Assem1
2023-12-13 04:40:13,324 INFO  ExportHelperExtension.cs: 1148 - Proceeding through assembly components
2023-12-13 04:40:13,325 INFO  ExportHelperExtension.cs: 1160 - 3 components to check
2023-12-13 04:40:13,325 INFO  ExportHelperExtension.cs: 1125 - Retrieving features of type [CoordSys] from Part1-1
2023-12-13 04:40:13,325 INFO  ExportHelperExtension.cs: 1136 - Found 35 in Part1-1
2023-12-13 04:40:13,326 INFO  ExportHelperExtension.cs: 1145 - Found 0 features of type [CoordSys] in Part1-1
2023-12-13 04:40:13,326 INFO  ExportHelperExtension.cs: 1125 - Retrieving features of type [CoordSys] from Part2-1
2023-12-13 04:40:13,326 INFO  ExportHelperExtension.cs: 1136 - Found 35 in Part2-1
2023-12-13 04:40:13,328 INFO  ExportHelperExtension.cs: 1145 - Found 0 features of type [CoordSys] in Part2-1
2023-12-13 04:40:13,328 INFO  ExportHelperExtension.cs: 1125 - Retrieving features of type [CoordSys] from Part3-1
2023-12-13 04:40:13,328 INFO  ExportHelperExtension.cs: 1136 - Found 35 in Part3-1
2023-12-13 04:40:13,329 INFO  ExportHelperExtension.cs: 1145 - Found 0 features of type [CoordSys] in Part3-1
2023-12-13 04:40:13,329 INFO  ExportHelperExtension.cs: 1125 - Retrieving features of type [RefAxis] from Assem1
2023-12-13 04:40:13,329 INFO  ExportHelperExtension.cs: 1136 - Found 35 in Assem1
2023-12-13 04:40:13,329 INFO  ExportHelperExtension.cs: 1145 - Found 2 features of type [RefAxis] in Assem1
2023-12-13 04:40:13,330 INFO  ExportHelperExtension.cs: 1148 - Proceeding through assembly components
2023-12-13 04:40:13,330 INFO  ExportHelperExtension.cs: 1160 - 3 components to check
2023-12-13 04:40:13,330 INFO  ExportHelperExtension.cs: 1125 - Retrieving features of type [RefAxis] from Part1-1
2023-12-13 04:40:13,331 INFO  ExportHelperExtension.cs: 1136 - Found 35 in Part1-1
2023-12-13 04:40:13,332 INFO  ExportHelperExtension.cs: 1145 - Found 0 features of type [RefAxis] in Part1-1
2023-12-13 04:40:13,332 INFO  ExportHelperExtension.cs: 1125 - Retrieving features of type [RefAxis] from Part2-1
2023-12-13 04:40:13,334 INFO  ExportHelperExtension.cs: 1136 - Found 35 in Part2-1
2023-12-13 04:40:13,334 INFO  ExportHelperExtension.cs: 1145 - Found 0 features of type [RefAxis] in Part2-1
2023-12-13 04:40:13,334 INFO  ExportHelperExtension.cs: 1125 - Retrieving features of type [RefAxis] from Part3-1
2023-12-13 04:40:13,335 INFO  ExportHelperExtension.cs: 1136 - Found 35 in Part3-1
2023-12-13 04:40:13,335 INFO  ExportHelperExtension.cs: 1145 - Found 0 features of type [RefAxis] in Part3-1
2023-12-13 04:40:13,483 INFO  SwAddin.cs: 339 - Loading config tree
2023-12-13 04:40:13,485 INFO  ExportPropertyManagerExtension.cs: 520 - Starting new configuration
2023-12-13 04:40:13,490 INFO  SwAddin.cs: 344 - Showing property manager
2023-12-13 04:40:19,555 INFO  ExportPropertyManager.cs: 1018 - OnComboboxSelectionChanged called. This method no longer throws an Exception. It just silently does nothing. Ok, except for this logging message
2023-12-13 04:40:21,331 INFO  ExportPropertyManager.cs: 1136 - OnNumberBoxTrackingCompleted called. This method no longer throws an Exception. It just silently does nothing. Ok, except for this logging message
2023-12-13 04:40:37,213 INFO  ExportPropertyManager.cs: 1018 - OnComboboxSelectionChanged called. This method no longer throws an Exception. It just silently does nothing. Ok, except for this logging message
2023-12-13 04:40:38,909 INFO  ExportPropertyManager.cs: 1018 - OnComboboxSelectionChanged called. This method no longer throws an Exception. It just silently does nothing. Ok, except for this logging message
2023-12-13 04:40:41,174 INFO  ExportPropertyManager.cs: 1018 - OnComboboxSelectionChanged called. This method no longer throws an Exception. It just silently does nothing. Ok, except for this logging message
2023-12-13 04:40:45,017 INFO  ExportPropertyManager.cs: 1136 - OnNumberBoxTrackingCompleted called. This method no longer throws an Exception. It just silently does nothing. Ok, except for this logging message
2023-12-13 04:40:56,891 INFO  ExportPropertyManager.cs: 1018 - OnComboboxSelectionChanged called. This method no longer throws an Exception. It just silently does nothing. Ok, except for this logging message
2023-12-13 04:40:58,470 INFO  ExportPropertyManager.cs: 1018 - OnComboboxSelectionChanged called. This method no longer throws an Exception. It just silently does nothing. Ok, except for this logging message
2023-12-13 04:41:01,141 INFO  ExportPropertyManager.cs: 1018 - OnComboboxSelectionChanged called. This method no longer throws an Exception. It just silently does nothing. Ok, except for this logging message
2023-12-13 04:41:10,448 INFO  ExportPropertyManager.cs: 422 - Configuration saved
2023-12-13 04:41:10,575 INFO  ExportPropertyManager.cs: 1142 - AfterClose called. This method no longer throws an Exception. It just silently does nothing. Ok, except for this logging message
2023-12-13 04:42:15,381 INFO  SwAddin.cs: 294 - Assembly export called for file Assem1
2023-12-13 04:42:15,382 INFO  SwAddin.cs: 299 - Save is required
2023-12-13 04:42:15,382 INFO  SwAddin.cs: 313 - Saving assembly
2023-12-13 04:42:15,382 INFO  SwAddin.cs: 316 - Opening property manager
2023-12-13 04:42:15,383 INFO  ExportHelperExtension.cs: 1125 - Retrieving features of type [CoordSys] from Assem1
2023-12-13 04:42:15,383 INFO  ExportHelperExtension.cs: 1136 - Found 35 in Assem1
2023-12-13 04:42:15,384 INFO  ExportHelperExtension.cs: 1145 - Found 1 features of type [CoordSys] in Assem1
2023-12-13 04:42:15,385 INFO  ExportHelperExtension.cs: 1148 - Proceeding through assembly components
2023-12-13 04:42:15,385 INFO  ExportHelperExtension.cs: 1160 - 3 components to check
2023-12-13 04:42:15,386 INFO  ExportHelperExtension.cs: 1125 - Retrieving features of type [CoordSys] from Part1-1
2023-12-13 04:42:15,386 INFO  ExportHelperExtension.cs: 1136 - Found 35 in Part1-1
2023-12-13 04:42:15,387 INFO  ExportHelperExtension.cs: 1145 - Found 0 features of type [CoordSys] in Part1-1
2023-12-13 04:42:15,387 INFO  ExportHelperExtension.cs: 1125 - Retrieving features of type [CoordSys] from Part2-1
2023-12-13 04:42:15,388 INFO  ExportHelperExtension.cs: 1136 - Found 35 in Part2-1
2023-12-13 04:42:15,388 INFO  ExportHelperExtension.cs: 1145 - Found 0 features of type [CoordSys] in Part2-1
2023-12-13 04:42:15,389 INFO  ExportHelperExtension.cs: 1125 - Retrieving features of type [CoordSys] from Part3-1
2023-12-13 04:42:15,389 INFO  ExportHelperExtension.cs: 1136 - Found 35 in Part3-1
2023-12-13 04:42:15,390 INFO  ExportHelperExtension.cs: 1145 - Found 0 features of type [CoordSys] in Part3-1
2023-12-13 04:42:15,390 INFO  ExportHelperExtension.cs: 1125 - Retrieving features of type [RefAxis] from Assem1
2023-12-13 04:42:15,390 INFO  ExportHelperExtension.cs: 1136 - Found 35 in Assem1
2023-12-13 04:42:15,391 INFO  ExportHelperExtension.cs: 1145 - Found 2 features of type [RefAxis] in Assem1
2023-12-13 04:42:15,391 INFO  ExportHelperExtension.cs: 1148 - Proceeding through assembly components
2023-12-13 04:42:15,392 INFO  ExportHelperExtension.cs: 1160 - 3 components to check
2023-12-13 04:42:15,392 INFO  ExportHelperExtension.cs: 1125 - Retrieving features of type [RefAxis] from Part1-1
2023-12-13 04:42:15,393 INFO  ExportHelperExtension.cs: 1136 - Found 35 in Part1-1
2023-12-13 04:42:15,393 INFO  ExportHelperExtension.cs: 1145 - Found 0 features of type [RefAxis] in Part1-1
2023-12-13 04:42:15,393 INFO  ExportHelperExtension.cs: 1125 - Retrieving features of type [RefAxis] from Part2-1
2023-12-13 04:42:15,394 INFO  ExportHelperExtension.cs: 1136 - Found 35 in Part2-1
2023-12-13 04:42:15,394 INFO  ExportHelperExtension.cs: 1145 - Found 0 features of type [RefAxis] in Part2-1
2023-12-13 04:42:15,395 INFO  ExportHelperExtension.cs: 1125 - Retrieving features of type [RefAxis] from Part3-1
2023-12-13 04:42:15,395 INFO  ExportHelperExtension.cs: 1136 - Found 35 in Part3-1
2023-12-13 04:42:15,396 INFO  ExportHelperExtension.cs: 1145 - Found 0 features of type [RefAxis] in Part3-1
2023-12-13 04:42:15,549 INFO  SwAddin.cs: 339 - Loading config tree
2023-12-13 04:42:15,552 INFO  ExportPropertyManagerExtension.cs: 520 - Starting new configuration
2023-12-13 04:42:15,558 INFO  SwAddin.cs: 344 - Showing property manager
2023-12-13 04:42:18,780 INFO  ExportPropertyManager.cs: 1136 - OnNumberBoxTrackingCompleted called. This method no longer throws an Exception. It just silently does nothing. Ok, except for this logging message
2023-12-13 04:42:22,509 INFO  ExportPropertyManager.cs: 1018 - OnComboboxSelectionChanged called. This method no longer throws an Exception. It just silently does nothing. Ok, except for this logging message
2023-12-13 04:42:35,196 INFO  ExportPropertyManager.cs: 1018 - OnComboboxSelectionChanged called. This method no longer throws an Exception. It just silently does nothing. Ok, except for this logging message
2023-12-13 04:42:36,516 INFO  ExportPropertyManager.cs: 1018 - OnComboboxSelectionChanged called. This method no longer throws an Exception. It just silently does nothing. Ok, except for this logging message
2023-12-13 04:42:39,423 INFO  ExportPropertyManager.cs: 1136 - OnNumberBoxTrackingCompleted called. This method no longer throws an Exception. It just silently does nothing. Ok, except for this logging message
2023-12-13 04:42:48,965 INFO  ExportPropertyManager.cs: 1018 - OnComboboxSelectionChanged called. This method no longer throws an Exception. It just silently does nothing. Ok, except for this logging message
2023-12-13 04:42:50,189 INFO  ExportPropertyManager.cs: 1018 - OnComboboxSelectionChanged called. This method no longer throws an Exception. It just silently does nothing. Ok, except for this logging message
2023-12-13 04:42:52,131 INFO  ExportPropertyManager.cs: 1018 - OnComboboxSelectionChanged called. This method no longer throws an Exception. It just silently does nothing. Ok, except for this logging message
2023-12-13 04:42:58,245 INFO  ExportPropertyManager.cs: 1018 - OnComboboxSelectionChanged called. This method no longer throws an Exception. It just silently does nothing. Ok, except for this logging message
2023-12-13 04:43:02,582 INFO  ExportPropertyManager.cs: 422 - Configuration saved
2023-12-13 04:43:02,714 INFO  ExportHelperExtension.cs: 347 - Creating joint link_1
2023-12-13 04:43:02,715 INFO  ExportHelperExtension.cs: 1397 - Fixing components for base_link
2023-12-13 04:43:02,715 INFO  ExportHelperExtension.cs: 1402 - Fixing 24
2023-12-13 04:43:02,716 INFO  ExportHelperExtension.cs: 1409 - Component 24 is already fixed
2023-12-13 04:43:03,013 INFO  ExportHelperExtension.cs: 828 - R1: 1, System.__ComObject, 1, System.Double[]
2023-12-13 04:43:03,014 INFO  ExportHelperExtension.cs: 841 - R2: 0, 0
2023-12-13 04:43:03,014 INFO  ExportHelperExtension.cs: 849 - L1: 0
2023-12-13 04:43:03,014 INFO  ExportHelperExtension.cs: 857 - L2: 0
2023-12-13 04:43:03,020 ERROR ExportPropertyManager.cs: 399 - Exception caught handling button press 17
System.Exception: Reference sketch  does not exist
   at SW2URDF.URDFExport.ExportHelper.AddSketchGeometry(Origin Origin) in C:\Users\Stephen Brawner\workspace\solidworks_urdf_exporter\SW2URDF\URDFExport\ExportHelperExtension.cs:line 696
   at SW2URDF.URDFExport.ExportHelper.CreateRefOrigin(Origin Origin, String CoordinateSystemName) in C:\Users\Stephen Brawner\workspace\solidworks_urdf_exporter\SW2URDF\URDFExport\ExportHelperExtension.cs:line 494
   at SW2URDF.URDFExport.ExportHelper.CreateRefOrigin(Joint Joint) in C:\Users\Stephen Brawner\workspace\solidworks_urdf_exporter\SW2URDF\URDFExport\ExportHelperExtension.cs:line 486
   at SW2URDF.URDFExport.ExportHelper.CreateJoint(Link parent, Link child) in C:\Users\Stephen Brawner\workspace\solidworks_urdf_exporter\SW2URDF\URDFExport\ExportHelperExtension.cs:line 454
   at SW2URDF.URDFExport.ExportHelper.CreateLinkFromComponents(Link parent, LinkNode node) in C:\Users\Stephen Brawner\workspace\solidworks_urdf_exporter\SW2URDF\URDFExport\ExportHelperExtension.cs:line 348
   at SW2URDF.URDFExport.ExportHelper.CreateLink(LinkNode node, Int32 count) in C:\Users\Stephen Brawner\workspace\solidworks_urdf_exporter\SW2URDF\URDFExport\ExportHelperExtension.cs:line 215
   at SW2URDF.URDFExport.ExportHelper.CreateLink(LinkNode node, Int32 count) in C:\Users\Stephen Brawner\workspace\solidworks_urdf_exporter\SW2URDF\URDFExport\ExportHelperExtension.cs:line 227
   at SW2URDF.URDFExport.ExportHelper.CreateRobotFromTreeView(LinkNode baseNode) in C:\Users\Stephen Brawner\workspace\solidworks_urdf_exporter\SW2URDF\URDFExport\ExportHelperExtension.cs:line 169
   at SW2URDF.URDFExport.ExportPropertyManager.ExportButtonPress() in C:\Users\Stephen Brawner\workspace\solidworks_urdf_exporter\SW2URDF\URDFExport\ExportPropertyManager.cs:line 239
   at SW2URDF.URDFExport.ExportPropertyManager.OnButtonPress(Int32 Id) in C:\Users\Stephen Brawner\workspace\solidworks_urdf_exporter\SW2URDF\URDFExport\ExportPropertyManager.cs:line 381
   at SW2URDF.URDFExport.ExportPropertyManager.SolidWorks.Interop.swpublished.IPropertyManagerPage2Handler9.OnButtonPress(Int32 Id) in C:\Users\Stephen Brawner\workspace\solidworks_urdf_exporter\SW2URDF\URDFExport\ExportPropertyManager.cs:line 399
2023-12-13 04:43:03,093 INFO  ExportPropertyManager.cs: 1142 - AfterClose called. This method no longer throws an Exception. It just silently does nothing. Ok, except for this logging message
2023-12-13 04:47:31,062 INFO  SwAddin.cs: 294 - Assembly export called for file Assem1
2023-12-13 04:47:36,632 INFO  SwAddin.cs: 313 - Saving assembly
2023-12-13 04:47:36,729 INFO  SwAddin.cs: 316 - Opening property manager
2023-12-13 04:47:36,730 INFO  ExportHelperExtension.cs: 1125 - Retrieving features of type [CoordSys] from Assem1
2023-12-13 04:47:36,731 INFO  ExportHelperExtension.cs: 1136 - Found 35 in Assem1
2023-12-13 04:47:36,732 INFO  ExportHelperExtension.cs: 1145 - Found 1 features of type [CoordSys] in Assem1
2023-12-13 04:47:36,732 INFO  ExportHelperExtension.cs: 1148 - Proceeding through assembly components
2023-12-13 04:47:36,733 INFO  ExportHelperExtension.cs: 1160 - 3 components to check
2023-12-13 04:47:36,733 INFO  ExportHelperExtension.cs: 1125 - Retrieving features of type [CoordSys] from Part1-1
2023-12-13 04:47:36,734 INFO  ExportHelperExtension.cs: 1136 - Found 35 in Part1-1
2023-12-13 04:47:36,734 INFO  ExportHelperExtension.cs: 1145 - Found 0 features of type [CoordSys] in Part1-1
2023-12-13 04:47:36,735 INFO  ExportHelperExtension.cs: 1125 - Retrieving features of type [CoordSys] from Part2-1
2023-12-13 04:47:36,736 INFO  ExportHelperExtension.cs: 1136 - Found 35 in Part2-1
2023-12-13 04:47:36,737 INFO  ExportHelperExtension.cs: 1145 - Found 0 features of type [CoordSys] in Part2-1
2023-12-13 04:47:36,738 INFO  ExportHelperExtension.cs: 1125 - Retrieving features of type [CoordSys] from Part3-1
2023-12-13 04:47:36,738 INFO  ExportHelperExtension.cs: 1136 - Found 35 in Part3-1
2023-12-13 04:47:36,739 INFO  ExportHelperExtension.cs: 1145 - Found 0 features of type [CoordSys] in Part3-1
2023-12-13 04:47:36,740 INFO  ExportHelperExtension.cs: 1125 - Retrieving features of type [RefAxis] from Assem1
2023-12-13 04:47:36,740 INFO  ExportHelperExtension.cs: 1136 - Found 35 in Assem1
2023-12-13 04:47:36,741 INFO  ExportHelperExtension.cs: 1145 - Found 2 features of type [RefAxis] in Assem1
2023-12-13 04:47:36,743 INFO  ExportHelperExtension.cs: 1148 - Proceeding through assembly components
2023-12-13 04:47:36,743 INFO  ExportHelperExtension.cs: 1160 - 3 components to check
2023-12-13 04:47:36,744 INFO  ExportHelperExtension.cs: 1125 - Retrieving features of type [RefAxis] from Part1-1
2023-12-13 04:47:36,745 INFO  ExportHelperExtension.cs: 1136 - Found 35 in Part1-1
2023-12-13 04:47:36,745 INFO  ExportHelperExtension.cs: 1145 - Found 0 features of type [RefAxis] in Part1-1
2023-12-13 04:47:36,746 INFO  ExportHelperExtension.cs: 1125 - Retrieving features of type [RefAxis] from Part2-1
2023-12-13 04:47:36,746 INFO  ExportHelperExtension.cs: 1136 - Found 35 in Part2-1
2023-12-13 04:47:36,747 INFO  ExportHelperExtension.cs: 1145 - Found 0 features of type [RefAxis] in Part2-1
2023-12-13 04:47:36,748 INFO  ExportHelperExtension.cs: 1125 - Retrieving features of type [RefAxis] from Part3-1
2023-12-13 04:47:36,748 INFO  ExportHelperExtension.cs: 1136 - Found 35 in Part3-1
2023-12-13 04:47:36,749 INFO  ExportHelperExtension.cs: 1145 - Found 0 features of type [RefAxis] in Part3-1
2023-12-13 04:47:36,893 INFO  SwAddin.cs: 339 - Loading config tree
2023-12-13 04:47:36,894 INFO  ExportPropertyManagerExtension.cs: 520 - Starting new configuration
2023-12-13 04:47:36,896 INFO  SwAddin.cs: 344 - Showing property manager
2023-12-13 04:47:43,011 INFO  ExportPropertyManager.cs: 1018 - OnComboboxSelectionChanged called. This method no longer throws an Exception. It just silently does nothing. Ok, except for this logging message
2023-12-13 04:47:45,184 INFO  ExportPropertyManager.cs: 1136 - OnNumberBoxTrackingCompleted called. This method no longer throws an Exception. It just silently does nothing. Ok, except for this logging message
2023-12-13 04:48:00,043 INFO  ExportPropertyManager.cs: 1018 - OnComboboxSelectionChanged called. This method no longer throws an Exception. It just silently does nothing. Ok, except for this logging message
2023-12-13 04:48:05,154 INFO  ExportPropertyManager.cs: 1136 - OnNumberBoxTrackingCompleted called. This method no longer throws an Exception. It just silently does nothing. Ok, except for this logging message
2023-12-13 04:48:16,459 INFO  ExportPropertyManager.cs: 1018 - OnComboboxSelectionChanged called. This method no longer throws an Exception. It just silently does nothing. Ok, except for this logging message
2023-12-13 04:48:24,716 INFO  ExportPropertyManager.cs: 422 - Configuration saved
2023-12-13 04:48:24,839 INFO  ExportHelperExtension.cs: 347 - Creating joint link_1
2023-12-13 04:48:24,840 INFO  ExportHelperExtension.cs: 1397 - Fixing components for base_link
2023-12-13 04:48:24,840 INFO  ExportHelperExtension.cs: 1402 - Fixing 24
2023-12-13 04:48:24,841 INFO  ExportHelperExtension.cs: 1409 - Component 24 is already fixed
2023-12-13 04:48:25,169 INFO  ExportHelperExtension.cs: 828 - R1: 1, System.__ComObject, 1, System.Double[]
2023-12-13 04:48:25,169 INFO  ExportHelperExtension.cs: 841 - R2: 0, 0
2023-12-13 04:48:25,169 INFO  ExportHelperExtension.cs: 849 - L1: 0
2023-12-13 04:48:25,169 INFO  ExportHelperExtension.cs: 857 - L2: 0
2023-12-13 04:48:25,175 ERROR ExportPropertyManager.cs: 399 - Exception caught handling button press 17
System.Exception: Reference sketch  does not exist
   at SW2URDF.URDFExport.ExportHelper.AddSketchGeometry(Origin Origin) in C:\Users\Stephen Brawner\workspace\solidworks_urdf_exporter\SW2URDF\URDFExport\ExportHelperExtension.cs:line 696
   at SW2URDF.URDFExport.ExportHelper.CreateRefOrigin(Origin Origin, String CoordinateSystemName) in C:\Users\Stephen Brawner\workspace\solidworks_urdf_exporter\SW2URDF\URDFExport\ExportHelperExtension.cs:line 494
   at SW2URDF.URDFExport.ExportHelper.CreateRefOrigin(Joint Joint) in C:\Users\Stephen Brawner\workspace\solidworks_urdf_exporter\SW2URDF\URDFExport\ExportHelperExtension.cs:line 486
   at SW2URDF.URDFExport.ExportHelper.CreateJoint(Link parent, Link child) in C:\Users\Stephen Brawner\workspace\solidworks_urdf_exporter\SW2URDF\URDFExport\ExportHelperExtension.cs:line 454
   at SW2URDF.URDFExport.ExportHelper.CreateLinkFromComponents(Link parent, LinkNode node) in C:\Users\Stephen Brawner\workspace\solidworks_urdf_exporter\SW2URDF\URDFExport\ExportHelperExtension.cs:line 348
   at SW2URDF.URDFExport.ExportHelper.CreateLink(LinkNode node, Int32 count) in C:\Users\Stephen Brawner\workspace\solidworks_urdf_exporter\SW2URDF\URDFExport\ExportHelperExtension.cs:line 215
   at SW2URDF.URDFExport.ExportHelper.CreateLink(LinkNode node, Int32 count) in C:\Users\Stephen Brawner\workspace\solidworks_urdf_exporter\SW2URDF\URDFExport\ExportHelperExtension.cs:line 227
   at SW2URDF.URDFExport.ExportHelper.CreateRobotFromTreeView(LinkNode baseNode) in C:\Users\Stephen Brawner\workspace\solidworks_urdf_exporter\SW2URDF\URDFExport\ExportHelperExtension.cs:line 169
   at SW2URDF.URDFExport.ExportPropertyManager.ExportButtonPress() in C:\Users\Stephen Brawner\workspace\solidworks_urdf_exporter\SW2URDF\URDFExport\ExportPropertyManager.cs:line 239
   at SW2URDF.URDFExport.ExportPropertyManager.OnButtonPress(Int32 Id) in C:\Users\Stephen Brawner\workspace\solidworks_urdf_exporter\SW2URDF\URDFExport\ExportPropertyManager.cs:line 381
   at SW2URDF.URDFExport.ExportPropertyManager.SolidWorks.Interop.swpublished.IPropertyManagerPage2Handler9.OnButtonPress(Int32 Id) in C:\Users\Stephen Brawner\workspace\solidworks_urdf_exporter\SW2URDF\URDFExport\ExportPropertyManager.cs:line 399
2023-12-13 04:48:25,253 INFO  ExportPropertyManager.cs: 1142 - AfterClose called. This method no longer throws an Exception. It just silently does nothing. Ok, except for this logging message
2023-12-13 04:54:44,460 INFO  SwAddin.cs: 294 - Assembly export called for file Assem1
2023-12-13 04:54:44,461 INFO  SwAddin.cs: 299 - Save is required
2023-12-13 04:54:44,461 INFO  SwAddin.cs: 313 - Saving assembly
2023-12-13 04:54:44,677 INFO  SwAddin.cs: 316 - Opening property manager
2023-12-13 04:54:44,680 INFO  ExportHelperExtension.cs: 1125 - Retrieving features of type [CoordSys] from Assem1
2023-12-13 04:54:44,681 INFO  ExportHelperExtension.cs: 1136 - Found 39 in Assem1
2023-12-13 04:54:44,682 INFO  ExportHelperExtension.cs: 1145 - Found 3 features of type [CoordSys] in Assem1
2023-12-13 04:54:44,684 INFO  ExportHelperExtension.cs: 1148 - Proceeding through assembly components
2023-12-13 04:54:44,685 INFO  ExportHelperExtension.cs: 1160 - 3 components to check
2023-12-13 04:54:44,687 INFO  ExportHelperExtension.cs: 1125 - Retrieving features of type [CoordSys] from Part1-1
2023-12-13 04:54:44,688 INFO  ExportHelperExtension.cs: 1136 - Found 35 in Part1-1
2023-12-13 04:54:44,688 INFO  ExportHelperExtension.cs: 1145 - Found 0 features of type [CoordSys] in Part1-1
2023-12-13 04:54:44,689 INFO  ExportHelperExtension.cs: 1125 - Retrieving features of type [CoordSys] from Part2-1
2023-12-13 04:54:44,690 INFO  ExportHelperExtension.cs: 1136 - Found 35 in Part2-1
2023-12-13 04:54:44,691 INFO  ExportHelperExtension.cs: 1145 - Found 0 features of type [CoordSys] in Part2-1
2023-12-13 04:54:44,692 INFO  ExportHelperExtension.cs: 1125 - Retrieving features of type [CoordSys] from Part3-1
2023-12-13 04:54:44,693 INFO  ExportHelperExtension.cs: 1136 - Found 35 in Part3-1
2023-12-13 04:54:44,694 INFO  ExportHelperExtension.cs: 1145 - Found 0 features of type [CoordSys] in Part3-1
2023-12-13 04:54:44,694 INFO  ExportHelperExtension.cs: 1125 - Retrieving features of type [RefAxis] from Assem1
2023-12-13 04:54:44,695 INFO  ExportHelperExtension.cs: 1136 - Found 39 in Assem1
2023-12-13 04:54:44,697 INFO  ExportHelperExtension.cs: 1145 - Found 2 features of type [RefAxis] in Assem1
2023-12-13 04:54:44,698 INFO  ExportHelperExtension.cs: 1148 - Proceeding through assembly components
2023-12-13 04:54:44,700 INFO  ExportHelperExtension.cs: 1160 - 3 components to check
2023-12-13 04:54:44,701 INFO  ExportHelperExtension.cs: 1125 - Retrieving features of type [RefAxis] from Part1-1
2023-12-13 04:54:44,703 INFO  ExportHelperExtension.cs: 1136 - Found 35 in Part1-1
2023-12-13 04:54:44,705 INFO  ExportHelperExtension.cs: 1145 - Found 0 features of type [RefAxis] in Part1-1
2023-12-13 04:54:44,706 INFO  ExportHelperExtension.cs: 1125 - Retrieving features of type [RefAxis] from Part2-1
2023-12-13 04:54:44,707 INFO  ExportHelperExtension.cs: 1136 - Found 35 in Part2-1
2023-12-13 04:54:44,710 INFO  ExportHelperExtension.cs: 1145 - Found 0 features of type [RefAxis] in Part2-1
2023-12-13 04:54:44,711 INFO  ExportHelperExtension.cs: 1125 - Retrieving features of type [RefAxis] from Part3-1
2023-12-13 04:54:44,712 INFO  ExportHelperExtension.cs: 1136 - Found 35 in Part3-1
2023-12-13 04:54:44,714 INFO  ExportHelperExtension.cs: 1145 - Found 0 features of type [RefAxis] in Part3-1
2023-12-13 04:54:44,905 INFO  SwAddin.cs: 339 - Loading config tree
2023-12-13 04:54:44,988 INFO  ExportPropertyManagerExtension.cs: 520 - Starting new configuration
2023-12-13 04:54:45,003 INFO  SwAddin.cs: 344 - Showing property manager
2023-12-13 04:54:49,961 INFO  ExportPropertyManager.cs: 1018 - OnComboboxSelectionChanged called. This method no longer throws an Exception. It just silently does nothing. Ok, except for this logging message
2023-12-13 04:54:53,222 INFO  ExportPropertyManager.cs: 1136 - OnNumberBoxTrackingCompleted called. This method no longer throws an Exception. It just silently does nothing. Ok, except for this logging message
2023-12-13 04:55:07,929 INFO  ExportPropertyManager.cs: 1018 - OnComboboxSelectionChanged called. This method no longer throws an Exception. It just silently does nothing. Ok, except for this logging message
2023-12-13 04:55:09,609 INFO  ExportPropertyManager.cs: 1018 - OnComboboxSelectionChanged called. This method no longer throws an Exception. It just silently does nothing. Ok, except for this logging message
2023-12-13 04:55:13,553 INFO  ExportPropertyManager.cs: 1018 - OnComboboxSelectionChanged called. This method no longer throws an Exception. It just silently does nothing. Ok, except for this logging message
2023-12-13 04:55:17,330 INFO  ExportPropertyManager.cs: 1136 - OnNumberBoxTrackingCompleted called. This method no longer throws an Exception. It just silently does nothing. Ok, except for this logging message
2023-12-13 04:55:27,928 INFO  ExportPropertyManager.cs: 1018 - OnComboboxSelectionChanged called. This method no longer throws an Exception. It just silently does nothing. Ok, except for this logging message
2023-12-13 04:55:30,753 INFO  ExportPropertyManager.cs: 1018 - OnComboboxSelectionChanged called. This method no longer throws an Exception. It just silently does nothing. Ok, except for this logging message
2023-12-13 04:55:33,521 INFO  ExportPropertyManager.cs: 1018 - OnComboboxSelectionChanged called. This method no longer throws an Exception. It just silently does nothing. Ok, except for this logging message
2023-12-13 04:55:40,988 INFO  ExportPropertyManager.cs: 422 - Configuration saved
2023-12-13 04:55:41,114 INFO  ExportHelperExtension.cs: 347 - Creating joint link_1
2023-12-13 04:55:41,334 WARN  ExportHelperExtension.cs: 351 - Creating joint from parent base_link to child link_1 failed
2023-12-13 04:55:41,342 INFO  ExportHelperExtension.cs: 347 - Creating joint link_2
2023-12-13 04:55:41,390 WARN  ExportHelperExtension.cs: 351 - Creating joint from parent link_1 to child link_2 failed
2023-12-13 04:55:41,653 INFO  ExportHelperExtension.cs: 1125 - Retrieving features of type [CoordSys] from Assem1
2023-12-13 04:55:41,665 INFO  ExportHelperExtension.cs: 1136 - Found 40 in Assem1
2023-12-13 04:55:41,666 INFO  ExportHelperExtension.cs: 1145 - Found 3 features of type [CoordSys] in Assem1
2023-12-13 04:55:41,666 INFO  ExportHelperExtension.cs: 1148 - Proceeding through assembly components
2023-12-13 04:55:41,667 INFO  ExportHelperExtension.cs: 1160 - 3 components to check
2023-12-13 04:55:41,668 INFO  ExportHelperExtension.cs: 1125 - Retrieving features of type [CoordSys] from Part1-1
2023-12-13 04:55:41,668 INFO  ExportHelperExtension.cs: 1136 - Found 35 in Part1-1
2023-12-13 04:55:41,669 INFO  ExportHelperExtension.cs: 1145 - Found 0 features of type [CoordSys] in Part1-1
2023-12-13 04:55:41,669 INFO  ExportHelperExtension.cs: 1125 - Retrieving features of type [CoordSys] from Part2-1
2023-12-13 04:55:41,669 INFO  ExportHelperExtension.cs: 1136 - Found 35 in Part2-1
2023-12-13 04:55:41,670 INFO  ExportHelperExtension.cs: 1145 - Found 0 features of type [CoordSys] in Part2-1
2023-12-13 04:55:41,670 INFO  ExportHelperExtension.cs: 1125 - Retrieving features of type [CoordSys] from Part3-1
2023-12-13 04:55:41,671 INFO  ExportHelperExtension.cs: 1136 - Found 35 in Part3-1
2023-12-13 04:55:41,671 INFO  ExportHelperExtension.cs: 1145 - Found 0 features of type [CoordSys] in Part3-1
2023-12-13 04:55:41,671 INFO  ExportHelperExtension.cs: 1125 - Retrieving features of type [RefAxis] from Assem1
2023-12-13 04:55:41,672 INFO  ExportHelperExtension.cs: 1136 - Found 40 in Assem1
2023-12-13 04:55:41,672 INFO  ExportHelperExtension.cs: 1145 - Found 2 features of type [RefAxis] in Assem1
2023-12-13 04:55:41,672 INFO  ExportHelperExtension.cs: 1148 - Proceeding through assembly components
2023-12-13 04:55:41,673 INFO  ExportHelperExtension.cs: 1160 - 3 components to check
2023-12-13 04:55:41,673 INFO  ExportHelperExtension.cs: 1125 - Retrieving features of type [RefAxis] from Part1-1
2023-12-13 04:55:41,673 INFO  ExportHelperExtension.cs: 1136 - Found 35 in Part1-1
2023-12-13 04:55:41,674 INFO  ExportHelperExtension.cs: 1145 - Found 0 features of type [RefAxis] in Part1-1
2023-12-13 04:55:41,674 INFO  ExportHelperExtension.cs: 1125 - Retrieving features of type [RefAxis] from Part2-1
2023-12-13 04:55:41,675 INFO  ExportHelperExtension.cs: 1136 - Found 35 in Part2-1
2023-12-13 04:55:41,675 INFO  ExportHelperExtension.cs: 1145 - Found 0 features of type [RefAxis] in Part2-1
2023-12-13 04:55:41,675 INFO  ExportHelperExtension.cs: 1125 - Retrieving features of type [RefAxis] from Part3-1
2023-12-13 04:55:41,676 INFO  ExportHelperExtension.cs: 1136 - Found 35 in Part3-1
2023-12-13 04:55:41,676 INFO  ExportHelperExtension.cs: 1145 - Found 0 features of type [RefAxis] in Part3-1
2023-12-13 04:55:41,776 INFO  ExportPropertyManager.cs: 1142 - AfterClose called. This method no longer throws an Exception. It just silently does nothing. Ok, except for this logging message
2023-12-13 04:59:32,701 INFO  AssemblyExportForm.cs: 253 - Completing URDF export
2023-12-13 04:59:32,711 INFO  ConfigurationSerialization.cs: 276 - URDF Configuration found
<Link z:Id="i1" xmlns="http://schemas.datacontract.org/2004/07/SW2URDF" xmlns:i="http://www.w3.org/2001/XMLSchema-instance" xmlns:z="http://schemas.microsoft.com/2003/10/Serialization/"><Attributes><Attribute z:Id="i2"><AttributeType>name</AttributeType><IsRequired>true</IsRequired><Value i:type="a:string" xmlns:a="http://www.w3.org/2001/XMLSchema">base_link</Value></Attribute></Attributes><ChildElements><URDFElement z:Id="i3" i:type="Inertial"><Attributes/><ChildElements><URDFElement z:Id="i4" i:type="Origin"><Attributes><Attribute z:Id="i5"><AttributeType>xyz</AttributeType><IsRequired>true</IsRequired><Value i:type="a:ArrayOfdouble" xmlns:a="http://schemas.microsoft.com/2003/10/Serialization/Arrays"><a:double>0</a:double><a:double>0</a:double><a:double>0</a:double></Value></Attribute><Attribute z:Id="i6"><AttributeType>rpy</AttributeType><IsRequired>true</IsRequired><Value i:type="a:ArrayOfdouble" xmlns:a="http://schemas.microsoft.com/2003/10/Serialization/Arrays"><a:double>0</a:double><a:double>0</a:double><a:double>0</a:double></Value></Attribute></Attributes><ChildElements/><ElementName>origin</ElementName><required>false</required><RPYAttribute z:Ref="i6"/><XYZAttribute z:Ref="i5"/><isCustomized>false</isCustomized></URDFElement><URDFElement z:Id="i7" i:type="Mass"><Attributes><Attribute z:Id="i8"><AttributeType>value</AttributeType><IsRequired>true</IsRequired><Value i:type="a:double" xmlns:a="http://www.w3.org/2001/XMLSchema">0</Value></Attribute></Attributes><ChildElements/><ElementName>mass</ElementName><required>false</required><ValueAttribute z:Ref="i8"/></URDFElement><URDFElement z:Id="i9" i:type="Inertia"><Attributes><Attribute z:Id="i10"><AttributeType>ixx</AttributeType><IsRequired>true</IsRequired><Value i:type="a:double" xmlns:a="http://www.w3.org/2001/XMLSchema">0</Value></Attribute><Attribute z:Id="i11"><AttributeType>ixy</AttributeType><IsRequired>true</IsRequired><Value i:type="a:double" xmlns:a="http://www.w3.org/2001/XMLSchema">0</Value></Attribute><Attribute z:Id="i12"><AttributeType>ixz</AttributeType><IsRequired>true</IsRequired><Value i:type="a:double" xmlns:a="http://www.w3.org/2001/XMLSchema">0</Value></Attribute><Attribute z:Id="i13"><AttributeType>iyy</AttributeType><IsRequired>true</IsRequired><Value i:type="a:double" xmlns:a="http://www.w3.org/2001/XMLSchema">0</Value></Attribute><Attribute z:Id="i14"><AttributeType>iyz</AttributeType><IsRequired>true</IsRequired><Value i:type="a:double" xmlns:a="http://www.w3.org/2001/XMLSchema">0</Value></Attribute><Attribute z:Id="i15"><AttributeType>izz</AttributeType><IsRequired>true</IsRequired><Value i:type="a:double" xmlns:a="http://www.w3.org/2001/XMLSchema">0</Value></Attribute></Attributes><ChildElements/><ElementName>inertia</ElementName><required>false</required><IxxAttribute z:Ref="i10"/><IxyAttribute z:Ref="i11"/><IxzAttribute z:Ref="i12"/><IyyAttribute z:Ref="i13"/><IyzAttribute z:Ref="i14"/><IzzAttribute z:Ref="i15"/></URDFElement></ChildElements><ElementName>inertial</ElementName><required>false</required><Inertia z:Ref="i9"/><Mass z:Ref="i7"/><Origin z:Ref="i4"/></URDFElement><URDFElement z:Id="i16" i:type="Visual"><Attributes/><ChildElements><URDFElement z:Id="i17" i:type="Origin"><Attributes><Attribute z:Id="i18"><AttributeType>xyz</AttributeType><IsRequired>true</IsRequired><Value i:type="a:ArrayOfdouble" xmlns:a="http://schemas.microsoft.com/2003/10/Serialization/Arrays"><a:double>0</a:double><a:double>0</a:double><a:double>0</a:double></Value></Attribute><Attribute z:Id="i19"><AttributeType>rpy</AttributeType><IsRequired>true</IsRequired><Value i:type="a:ArrayOfdouble" xmlns:a="http://schemas.microsoft.com/2003/10/Serialization/Arrays"><a:double>0</a:double><a:double>0</a:double><a:double>0</a:double></Value></Attribute></Attributes><ChildElements/><ElementName>origin</ElementName><required>false</required><RPYAttribute z:Ref="i19"/><XYZAttribute z:Ref="i18"/><isCustomized>false</isCustomized></URDFElement><URDFElement z:Id="i20" i:type="Geometry"><Attributes/><ChildElements><URDFElement z:Id="i21" i:type="Mesh"><Attributes><Attribute z:Id="i22"><AttributeType>filename</AttributeType><IsRequired>true</IsRequired><Value i:nil="true"/></Attribute></Attributes><ChildElements/><ElementName>mesh</ElementName><required>false</required><FilenameAttribute z:Ref="i22"/></URDFElement></ChildElements><ElementName>geometry</ElementName><required>true</required><Mesh z:Ref="i21"/></URDFElement><URDFElement z:Id="i23" i:type="Material"><Attributes><Attribute z:Id="i24"><AttributeType>name</AttributeType><IsRequired>true</IsRequired><Value i:type="a:string" xmlns:a="http://www.w3.org/2001/XMLSchema"/></Attribute></Attributes><ChildElements><URDFElement z:Id="i25" i:type="Color"><Attributes><Attribute z:Id="i26"><AttributeType>rgba</AttributeType><IsRequired>true</IsRequired><Value i:type="a:ArrayOfdouble" xmlns:a="http://schemas.microsoft.com/2003/10/Serialization/Arrays"><a:double>1</a:double><a:double>1</a:double><a:double>1</a:double><a:double>1</a:double></Value></Attribute></Attributes><ChildElements/><ElementName>color</ElementName><required>false</required><RGBAAttribute z:Ref="i26"/></URDFElement><URDFElement z:Id="i27" i:type="Texture"><Attributes><Attribute z:Id="i28"><AttributeType>filename</AttributeType><IsRequired>true</IsRequired><Value i:nil="true"/></Attribute></Attributes><ChildElements/><ElementName>texture</ElementName><required>false</required><FilenameAttribute z:Ref="i28"/><wFilename/></URDFElement></ChildElements><ElementName>material</ElementName><required>false</required><Color z:Ref="i25"/><NameAttribute z:Ref="i24"/><Texture z:Ref="i27"/></URDFElement></ChildElements><ElementName>visual</ElementName><required>false</required><Geometry z:Ref="i20"/><Material z:Ref="i23"/><Origin z:Ref="i17"/></URDFElement><URDFElement z:Id="i29" i:type="Collision"><Attributes/><ChildElements><URDFElement z:Id="i30" i:type="Origin"><Attributes><Attribute z:Id="i31"><AttributeType>xyz</AttributeType><IsRequired>true</IsRequired><Value i:type="a:ArrayOfdouble" xmlns:a="http://schemas.microsoft.com/2003/10/Serialization/Arrays"><a:double>0</a:double><a:double>0</a:double><a:double>0</a:double></Value></Attribute><Attribute z:Id="i32"><AttributeType>rpy</AttributeType><IsRequired>true</IsRequired><Value i:type="a:ArrayOfdouble" xmlns:a="http://schemas.microsoft.com/2003/10/Serialization/Arrays"><a:double>0</a:double><a:double>0</a:double><a:double>0</a:double></Value></Attribute></Attributes><ChildElements/><ElementName>origin</ElementName><required>false</required><RPYAttribute z:Ref="i32"/><XYZAttribute z:Ref="i31"/><isCustomized>false</isCustomized></URDFElement><URDFElement z:Id="i33" i:type="Geometry"><Attributes/><ChildElements><URDFElement z:Id="i34" i:type="Mesh"><Attributes><Attribute z:Id="i35"><AttributeType>filename</AttributeType><IsRequired>true</IsRequired><Value i:nil="true"/></Attribute></Attributes><ChildElements/><ElementName>mesh</ElementName><required>false</required><FilenameAttribute z:Ref="i35"/></URDFElement></ChildElements><ElementName>geometry</ElementName><required>true</required><Mesh z:Ref="i34"/></URDFElement></ChildElements><ElementName>collision</ElementName><required>false</required><Geometry z:Ref="i33"/><Origin z:Ref="i30"/></URDFElement><URDFElement z:Id="i36" i:type="Joint"><Attributes><Attribute z:Id="i37"><AttributeType>name</AttributeType><IsRequired>true</IsRequired><Value i:type="a:string" xmlns:a="http://www.w3.org/2001/XMLSchema"/></Attribute><Attribute z:Id="i38"><AttributeType>type</AttributeType><IsRequired>true</IsRequired><Value i:type="a:string" xmlns:a="http://www.w3.org/2001/XMLSchema"/></Attribute></Attributes><ChildElements><URDFElement z:Id="i39" i:type="Origin"><Attributes><Attribute z:Id="i40"><AttributeType>xyz</AttributeType><IsRequired>true</IsRequired><Value i:type="a:ArrayOfdouble" xmlns:a="http://schemas.microsoft.com/2003/10/Serialization/Arrays"><a:double>0</a:double><a:double>0</a:double><a:double>0</a:double></Value></Attribute><Attribute z:Id="i41"><AttributeType>rpy</AttributeType><IsRequired>true</IsRequired><Value i:type="a:ArrayOfdouble" xmlns:a="http://schemas.microsoft.com/2003/10/Serialization/Arrays"><a:double>0</a:double><a:double>0</a:double><a:double>0</a:double></Value></Attribute></Attributes><ChildElements/><ElementName>origin</ElementName><required>false</required><RPYAttribute z:Ref="i41"/><XYZAttribute z:Ref="i40"/><isCustomized>false</isCustomized></URDFElement><URDFElement z:Id="i42" i:type="ParentLink"><Attributes><Attribute z:Id="i43"><AttributeType>link</AttributeType><IsRequired>true</IsRequired><Value i:type="a:string" xmlns:a="http://www.w3.org/2001/XMLSchema"/></Attribute></Attributes><ChildElements/><ElementName>parent</ElementName><required>true</required><NameAttribute z:Ref="i43"/></URDFElement><URDFElement z:Id="i44" i:type="ChildLink"><Attributes><Attribute z:Id="i45"><AttributeType>link</AttributeType><IsRequired>true</IsRequired><Value i:type="a:string" xmlns:a="http://www.w3.org/2001/XMLSchema"/></Attribute></Attributes><ChildElements/><ElementName>child</ElementName><required>true</required><NameAttribute z:Ref="i45"/></URDFElement><URDFElement z:Id="i46" i:type="Axis"><Attributes><Attribute z:Id="i47"><AttributeType>xyz</AttributeType><IsRequired>true</IsRequired><Value i:type="a:ArrayOfdouble" xmlns:a="http://schemas.microsoft.com/2003/10/Serialization/Arrays"><a:double>0</a:double><a:double>0</a:double><a:double>0</a:double></Value></Attribute></Attributes><ChildElements/><ElementName>axis</ElementName><required>false</required><XYZAttribute z:Ref="i47"/></URDFElement><URDFElement z:Id="i48" i:type="Limit"><Attributes><Attribute z:Id="i49"><AttributeType>lower</AttributeType><IsRequired>false</IsRequired><Value i:nil="true"/></Attribute><Attribute z:Id="i50"><AttributeType>upper</AttributeType><IsRequired>false</IsRequired><Value i:nil="true"/></Attribute><Attribute z:Id="i51"><AttributeType>effort</AttributeType><IsRequired>true</IsRequired><Value i:nil="true"/></Attribute><Attribute z:Id="i52"><AttributeType>velocity</AttributeType><IsRequired>true</IsRequired><Value i:nil="true"/></Attribute></Attributes><ChildElements/><ElementName>limit</ElementName><required>false</required><EffortAttribute z:Ref="i51"/><LowerAttribute z:Ref="i49"/><UpperAttribute z:Ref="i50"/><VelocityAttribute z:Ref="i52"/></URDFElement><URDFElement z:Id="i53" i:type="Calibration"><Attributes><Attribute z:Id="i54"><AttributeType>rising</AttributeType><IsRequired>false</IsRequired><Value i:nil="true"/></Attribute><Attribute z:Id="i55"><AttributeType>falling</AttributeType><IsRequired>false</IsRequired><Value i:nil="true"/></Attribute></Attributes><ChildElements/><ElementName>calibration</ElementName><required>false</required><FallingAttribute z:Ref="i55"/><RisingAttribute z:Ref="i54"/></URDFElement><URDFElement z:Id="i56" i:type="Dynamics"><Attributes><Attribute z:Id="i57"><AttributeType>damping</AttributeType><IsRequired>false</IsRequired><Value i:nil="true"/></Attribute><Attribute z:Id="i58"><AttributeType>friction</AttributeType><IsRequired>false</IsRequired><Value i:nil="true"/></Attribute></Attributes><ChildElements/><ElementName>dynamics</ElementName><required>false</required><DampingAttribute z:Ref="i57"/><FrictionAttribute z:Ref="i58"/></URDFElement><URDFElement z:Id="i59" i:type="SafetyController"><Attributes><Attribute z:Id="i60"><AttributeType>soft_upper_limit</AttributeType><IsRequired>false</IsRequired><Value i:nil="true"/></Attribute><Attribute z:Id="i61"><AttributeType>soft_lower_limit</AttributeType><IsRequired>false</IsRequired><Value i:nil="true"/></Attribute><Attribute z:Id="i62"><AttributeType>k_position</AttributeType><IsRequired>false</IsRequired><Value i:nil="true"/></Attribute><Attribute z:Id="i63"><AttributeType>k_velocity</AttributeType><IsRequired>true</IsRequired><Value i:nil="true"/></Attribute></Attributes><ChildElements/><ElementName>safety_controller</ElementName><required>false</required><KPositionAttribute z:Ref="i62"/><KVelocityAttribute z:Ref="i63"/><SoftLowerAttribute z:Ref="i61"/><SoftUpperAttribute z:Ref="i60"/></URDFElement><URDFElement z:Id="i64" i:type="Mimic"><Attributes><Attribute z:Id="i65"><AttributeType>joint</AttributeType><IsRequired>true</IsRequired><Value i:nil="true"/></Attribute><Attribute z:Id="i66"><AttributeType>multiplier</AttributeType><IsRequired>false</IsRequired><Value i:nil="true"/></Attribute><Attribute z:Id="i67"><AttributeType>offset</AttributeType><IsRequired>false</IsRequired><Value i:nil="true"/></Attribute></Attributes><ChildElements/><ElementName>mimic</ElementName><required>false</required><JointNameAttribute z:Ref="i65"/><MultiplierAttribute z:Ref="i66"/><OffsetAttribute z:Ref="i67"/></URDFElement></ChildElements><ElementName>joint</ElementName><required>false</required><Axis z:Ref="i46"/><AxisName/><Calibration z:Ref="i53"/><Child z:Ref="i44"/><CoordinateSystemName>Coordinate System1</CoordinateSystemName><Dynamics z:Ref="i56"/><Limit z:Ref="i48"/><Mimic z:Ref="i64"/><NameAttribute z:Ref="i37"/><Origin z:Ref="i39"/><Parent z:Ref="i42"/><Safety z:Ref="i59"/><TypeAttribute z:Ref="i38"/></URDFElement></ChildElements><ElementName>link</ElementName><required>true</required><Children><Link z:Id="i68"><Attributes><Attribute z:Id="i69"><AttributeType>name</AttributeType><IsRequired>true</IsRequired><Value i:type="a:string" xmlns:a="http://www.w3.org/2001/XMLSchema">link_1</Value></Attribute></Attributes><ChildElements><URDFElement z:Id="i70" i:type="Inertial"><Attributes/><ChildElements><URDFElement z:Id="i71" i:type="Origin"><Attributes><Attribute z:Id="i72"><AttributeType>xyz</AttributeType><IsRequired>true</IsRequired><Value i:type="a:ArrayOfdouble" xmlns:a="http://schemas.microsoft.com/2003/10/Serialization/Arrays"><a:double>0</a:double><a:double>0</a:double><a:double>0</a:double></Value></Attribute><Attribute z:Id="i73"><AttributeType>rpy</AttributeType><IsRequired>true</IsRequired><Value i:type="a:ArrayOfdouble" xmlns:a="http://schemas.microsoft.com/2003/10/Serialization/Arrays"><a:double>0</a:double><a:double>0</a:double><a:double>0</a:double></Value></Attribute></Attributes><ChildElements/><ElementName>origin</ElementName><required>false</required><RPYAttribute z:Ref="i73"/><XYZAttribute z:Ref="i72"/><isCustomized>false</isCustomized></URDFElement><URDFElement z:Id="i74" i:type="Mass"><Attributes><Attribute z:Id="i75"><AttributeType>value</AttributeType><IsRequired>true</IsRequired><Value i:type="a:double" xmlns:a="http://www.w3.org/2001/XMLSchema">0</Value></Attribute></Attributes><ChildElements/><ElementName>mass</ElementName><required>false</required><ValueAttribute z:Ref="i75"/></URDFElement><URDFElement z:Id="i76" i:type="Inertia"><Attributes><Attribute z:Id="i77"><AttributeType>ixx</AttributeType><IsRequired>true</IsRequired><Value i:type="a:double" xmlns:a="http://www.w3.org/2001/XMLSchema">0</Value></Attribute><Attribute z:Id="i78"><AttributeType>ixy</AttributeType><IsRequired>true</IsRequired><Value i:type="a:double" xmlns:a="http://www.w3.org/2001/XMLSchema">0</Value></Attribute><Attribute z:Id="i79"><AttributeType>ixz</AttributeType><IsRequired>true</IsRequired><Value i:type="a:double" xmlns:a="http://www.w3.org/2001/XMLSchema">0</Value></Attribute><Attribute z:Id="i80"><AttributeType>iyy</AttributeType><IsRequired>true</IsRequired><Value i:type="a:double" xmlns:a="http://www.w3.org/2001/XMLSchema">0</Value></Attribute><Attribute z:Id="i81"><AttributeType>iyz</AttributeType><IsRequired>true</IsRequired><Value i:type="a:double" xmlns:a="http://www.w3.org/2001/XMLSchema">0</Value></Attribute><Attribute z:Id="i82"><AttributeType>izz</AttributeType><IsRequired>true</IsRequired><Value i:type="a:double" xmlns:a="http://www.w3.org/2001/XMLSchema">0</Value></Attribute></Attributes><ChildElements/><ElementName>inertia</ElementName><required>false</required><IxxAttribute z:Ref="i77"/><IxyAttribute z:Ref="i78"/><IxzAttribute z:Ref="i79"/><IyyAttribute z:Ref="i80"/><IyzAttribute z:Ref="i81"/><IzzAttribute z:Ref="i82"/></URDFElement></ChildElements><ElementName>inertial</ElementName><required>false</required><Inertia z:Ref="i76"/><Mass z:Ref="i74"/><Origin z:Ref="i71"/></URDFElement><URDFElement z:Id="i83" i:type="Visual"><Attributes/><ChildElements><URDFElement z:Id="i84" i:type="Origin"><Attributes><Attribute z:Id="i85"><AttributeType>xyz</AttributeType><IsRequired>true</IsRequired><Value i:type="a:ArrayOfdouble" xmlns:a="http://schemas.microsoft.com/2003/10/Serialization/Arrays"><a:double>0</a:double><a:double>0</a:double><a:double>0</a:double></Value></Attribute><Attribute z:Id="i86"><AttributeType>rpy</AttributeType><IsRequired>true</IsRequired><Value i:type="a:ArrayOfdouble" xmlns:a="http://schemas.microsoft.com/2003/10/Serialization/Arrays"><a:double>0</a:double><a:double>0</a:double><a:double>0</a:double></Value></Attribute></Attributes><ChildElements/><ElementName>origin</ElementName><required>false</required><RPYAttribute z:Ref="i86"/><XYZAttribute z:Ref="i85"/><isCustomized>false</isCustomized></URDFElement><URDFElement z:Id="i87" i:type="Geometry"><Attributes/><ChildElements><URDFElement z:Id="i88" i:type="Mesh"><Attributes><Attribute z:Id="i89"><AttributeType>filename</AttributeType><IsRequired>true</IsRequired><Value i:nil="true"/></Attribute></Attributes><ChildElements/><ElementName>mesh</ElementName><required>false</required><FilenameAttribute z:Ref="i89"/></URDFElement></ChildElements><ElementName>geometry</ElementName><required>true</required><Mesh z:Ref="i88"/></URDFElement><URDFElement z:Id="i90" i:type="Material"><Attributes><Attribute z:Id="i91"><AttributeType>name</AttributeType><IsRequired>true</IsRequired><Value i:type="a:string" xmlns:a="http://www.w3.org/2001/XMLSchema"/></Attribute></Attributes><ChildElements><URDFElement z:Id="i92" i:type="Color"><Attributes><Attribute z:Id="i93"><AttributeType>rgba</AttributeType><IsRequired>true</IsRequired><Value i:type="a:ArrayOfdouble" xmlns:a="http://schemas.microsoft.com/2003/10/Serialization/Arrays"><a:double>1</a:double><a:double>1</a:double><a:double>1</a:double><a:double>1</a:double></Value></Attribute></Attributes><ChildElements/><ElementName>color</ElementName><required>false</required><RGBAAttribute z:Ref="i93"/></URDFElement><URDFElement z:Id="i94" i:type="Texture"><Attributes><Attribute z:Id="i95"><AttributeType>filename</AttributeType><IsRequired>true</IsRequired><Value i:nil="true"/></Attribute></Attributes><ChildElements/><ElementName>texture</ElementName><required>false</required><FilenameAttribute z:Ref="i95"/><wFilename/></URDFElement></ChildElements><ElementName>material</ElementName><required>false</required><Color z:Ref="i92"/><NameAttribute z:Ref="i91"/><Texture z:Ref="i94"/></URDFElement></ChildElements><ElementName>visual</ElementName><required>false</required><Geometry z:Ref="i87"/><Material z:Ref="i90"/><Origin z:Ref="i84"/></URDFElement><URDFElement z:Id="i96" i:type="Collision"><Attributes/><ChildElements><URDFElement z:Id="i97" i:type="Origin"><Attributes><Attribute z:Id="i98"><AttributeType>xyz</AttributeType><IsRequired>true</IsRequired><Value i:type="a:ArrayOfdouble" xmlns:a="http://schemas.microsoft.com/2003/10/Serialization/Arrays"><a:double>0</a:double><a:double>0</a:double><a:double>0</a:double></Value></Attribute><Attribute z:Id="i99"><AttributeType>rpy</AttributeType><IsRequired>true</IsRequired><Value i:type="a:ArrayOfdouble" xmlns:a="http://schemas.microsoft.com/2003/10/Serialization/Arrays"><a:double>0</a:double><a:double>0</a:double><a:double>0</a:double></Value></Attribute></Attributes><ChildElements/><ElementName>origin</ElementName><required>false</required><RPYAttribute z:Ref="i99"/><XYZAttribute z:Ref="i98"/><isCustomized>false</isCustomized></URDFElement><URDFElement z:Id="i100" i:type="Geometry"><Attributes/><ChildElements><URDFElement z:Id="i101" i:type="Mesh"><Attributes><Attribute z:Id="i102"><AttributeType>filename</AttributeType><IsRequired>true</IsRequired><Value i:nil="true"/></Attribute></Attributes><ChildElements/><ElementName>mesh</ElementName><required>false</required><FilenameAttribute z:Ref="i102"/></URDFElement></ChildElements><ElementName>geometry</ElementName><required>true</required><Mesh z:Ref="i101"/></URDFElement></ChildElements><ElementName>collision</ElementName><required>false</required><Geometry z:Ref="i100"/><Origin z:Ref="i97"/></URDFElement><URDFElement z:Id="i103" i:type="Joint"><Attributes><Attribute z:Id="i104"><AttributeType>name</AttributeType><IsRequired>true</IsRequired><Value i:type="a:string" xmlns:a="http://www.w3.org/2001/XMLSchema">joint_1</Value></Attribute><Attribute z:Id="i105"><AttributeType>type</AttributeType><IsRequired>true</IsRequired><Value i:type="a:string" xmlns:a="http://www.w3.org/2001/XMLSchema">revolute</Value></Attribute></Attributes><ChildElements><URDFElement z:Id="i106" i:type="Origin"><Attributes><Attribute z:Id="i107"><AttributeType>xyz</AttributeType><IsRequired>true</IsRequired><Value i:type="a:ArrayOfdouble" xmlns:a="http://schemas.microsoft.com/2003/10/Serialization/Arrays"><a:double>0</a:double><a:double>0</a:double><a:double>0</a:double></Value></Attribute><Attribute z:Id="i108"><AttributeType>rpy</AttributeType><IsRequired>true</IsRequired><Value i:type="a:ArrayOfdouble" xmlns:a="http://schemas.microsoft.com/2003/10/Serialization/Arrays"><a:double>0</a:double><a:double>0</a:double><a:double>0</a:double></Value></Attribute></Attributes><ChildElements/><ElementName>origin</ElementName><required>false</required><RPYAttribute z:Ref="i108"/><XYZAttribute z:Ref="i107"/><isCustomized>false</isCustomized></URDFElement><URDFElement z:Id="i109" i:type="ParentLink"><Attributes><Attribute z:Id="i110"><AttributeType>link</AttributeType><IsRequired>true</IsRequired><Value i:type="a:string" xmlns:a="http://www.w3.org/2001/XMLSchema"/></Attribute></Attributes><ChildElements/><ElementName>parent</ElementName><required>true</required><NameAttribute z:Ref="i110"/></URDFElement><URDFElement z:Id="i111" i:type="ChildLink"><Attributes><Attribute z:Id="i112"><AttributeType>link</AttributeType><IsRequired>true</IsRequired><Value i:type="a:string" xmlns:a="http://www.w3.org/2001/XMLSchema"/></Attribute></Attributes><ChildElements/><ElementName>child</ElementName><required>true</required><NameAttribute z:Ref="i112"/></URDFElement><URDFElement z:Id="i113" i:type="Axis"><Attributes><Attribute z:Id="i114"><AttributeType>xyz</AttributeType><IsRequired>true</IsRequired><Value i:type="a:ArrayOfdouble" xmlns:a="http://schemas.microsoft.com/2003/10/Serialization/Arrays"><a:double>0</a:double><a:double>0</a:double><a:double>0</a:double></Value></Attribute></Attributes><ChildElements/><ElementName>axis</ElementName><required>false</required><XYZAttribute z:Ref="i114"/></URDFElement><URDFElement z:Id="i115" i:type="Limit"><Attributes><Attribute z:Id="i116"><AttributeType>lower</AttributeType><IsRequired>false</IsRequired><Value i:nil="true"/></Attribute><Attribute z:Id="i117"><AttributeType>upper</AttributeType><IsRequired>false</IsRequired><Value i:nil="true"/></Attribute><Attribute z:Id="i118"><AttributeType>effort</AttributeType><IsRequired>true</IsRequired><Value i:nil="true"/></Attribute><Attribute z:Id="i119"><AttributeType>velocity</AttributeType><IsRequired>true</IsRequired><Value i:nil="true"/></Attribute></Attributes><ChildElements/><ElementName>limit</ElementName><required>false</required><EffortAttribute z:Ref="i118"/><LowerAttribute z:Ref="i116"/><UpperAttribute z:Ref="i117"/><VelocityAttribute z:Ref="i119"/></URDFElement><URDFElement z:Id="i120" i:type="Calibration"><Attributes><Attribute z:Id="i121"><AttributeType>rising</AttributeType><IsRequired>false</IsRequired><Value i:nil="true"/></Attribute><Attribute z:Id="i122"><AttributeType>falling</AttributeType><IsRequired>false</IsRequired><Value i:nil="true"/></Attribute></Attributes><ChildElements/><ElementName>calibration</ElementName><required>false</required><FallingAttribute z:Ref="i122"/><RisingAttribute z:Ref="i121"/></URDFElement><URDFElement z:Id="i123" i:type="Dynamics"><Attributes><Attribute z:Id="i124"><AttributeType>damping</AttributeType><IsRequired>false</IsRequired><Value i:nil="true"/></Attribute><Attribute z:Id="i125"><AttributeType>friction</AttributeType><IsRequired>false</IsRequired><Value i:nil="true"/></Attribute></Attributes><ChildElements/><ElementName>dynamics</ElementName><required>false</required><DampingAttribute z:Ref="i124"/><FrictionAttribute z:Ref="i125"/></URDFElement><URDFElement z:Id="i126" i:type="SafetyController"><Attributes><Attribute z:Id="i127"><AttributeType>soft_upper_limit</AttributeType><IsRequired>false</IsRequired><Value i:nil="true"/></Attribute><Attribute z:Id="i128"><AttributeType>soft_lower_limit</AttributeType><IsRequired>false</IsRequired><Value i:nil="true"/></Attribute><Attribute z:Id="i129"><AttributeType>k_position</AttributeType><IsRequired>false</IsRequired><Value i:nil="true"/></Attribute><Attribute z:Id="i130"><AttributeType>k_velocity</AttributeType><IsRequired>true</IsRequired><Value i:nil="true"/></Attribute></Attributes><ChildElements/><ElementName>safety_controller</ElementName><required>false</required><KPositionAttribute z:Ref="i129"/><KVelocityAttribute z:Ref="i130"/><SoftLowerAttribute z:Ref="i128"/><SoftUpperAttribute z:Ref="i127"/></URDFElement><URDFElement z:Id="i131" i:type="Mimic"><Attributes><Attribute z:Id="i132"><AttributeType>joint</AttributeType><IsRequired>true</IsRequired><Value i:nil="true"/></Attribute><Attribute z:Id="i133"><AttributeType>multiplier</AttributeType><IsRequired>false</IsRequired><Value i:nil="true"/></Attribute><Attribute z:Id="i134"><AttributeType>offset</AttributeType><IsRequired>false</IsRequired><Value i:nil="true"/></Attribute></Attributes><ChildElements/><ElementName>mimic</ElementName><required>false</required><JointNameAttribute z:Ref="i132"/><MultiplierAttribute z:Ref="i133"/><OffsetAttribute z:Ref="i134"/></URDFElement></ChildElements><ElementName>joint</ElementName><required>false</required><Axis z:Ref="i113"/><AxisName>Axis1</AxisName><Calibration z:Ref="i120"/><Child z:Ref="i111"/><CoordinateSystemName>Coordinate System2</CoordinateSystemName><Dynamics z:Ref="i123"/><Limit z:Ref="i115"/><Mimic z:Ref="i131"/><NameAttribute z:Ref="i104"/><Origin z:Ref="i106"/><Parent z:Ref="i109"/><Safety z:Ref="i126"/><TypeAttribute z:Ref="i105"/></URDFElement></ChildElements><ElementName>link</ElementName><required>true</required><Children><Link z:Id="i135"><Attributes><Attribute z:Id="i136"><AttributeType>name</AttributeType><IsRequired>true</IsRequired><Value i:type="a:string" xmlns:a="http://www.w3.org/2001/XMLSchema">link_2</Value></Attribute></Attributes><ChildElements><URDFElement z:Id="i137" i:type="Inertial"><Attributes/><ChildElements><URDFElement z:Id="i138" i:type="Origin"><Attributes><Attribute z:Id="i139"><AttributeType>xyz</AttributeType><IsRequired>true</IsRequired><Value i:type="a:ArrayOfdouble" xmlns:a="http://schemas.microsoft.com/2003/10/Serialization/Arrays"><a:double>0</a:double><a:double>0</a:double><a:double>0</a:double></Value></Attribute><Attribute z:Id="i140"><AttributeType>rpy</AttributeType><IsRequired>true</IsRequired><Value i:type="a:ArrayOfdouble" xmlns:a="http://schemas.microsoft.com/2003/10/Serialization/Arrays"><a:double>0</a:double><a:double>0</a:double><a:double>0</a:double></Value></Attribute></Attributes><ChildElements/><ElementName>origin</ElementName><required>false</required><RPYAttribute z:Ref="i140"/><XYZAttribute z:Ref="i139"/><isCustomized>false</isCustomized></URDFElement><URDFElement z:Id="i141" i:type="Mass"><Attributes><Attribute z:Id="i142"><AttributeType>value</AttributeType><IsRequired>true</IsRequired><Value i:type="a:double" xmlns:a="http://www.w3.org/2001/XMLSchema">0</Value></Attribute></Attributes><ChildElements/><ElementName>mass</ElementName><required>false</required><ValueAttribute z:Ref="i142"/></URDFElement><URDFElement z:Id="i143" i:type="Inertia"><Attributes><Attribute z:Id="i144"><AttributeType>ixx</AttributeType><IsRequired>true</IsRequired><Value i:type="a:double" xmlns:a="http://www.w3.org/2001/XMLSchema">0</Value></Attribute><Attribute z:Id="i145"><AttributeType>ixy</AttributeType><IsRequired>true</IsRequired><Value i:type="a:double" xmlns:a="http://www.w3.org/2001/XMLSchema">0</Value></Attribute><Attribute z:Id="i146"><AttributeType>ixz</AttributeType><IsRequired>true</IsRequired><Value i:type="a:double" xmlns:a="http://www.w3.org/2001/XMLSchema">0</Value></Attribute><Attribute z:Id="i147"><AttributeType>iyy</AttributeType><IsRequired>true</IsRequired><Value i:type="a:double" xmlns:a="http://www.w3.org/2001/XMLSchema">0</Value></Attribute><Attribute z:Id="i148"><AttributeType>iyz</AttributeType><IsRequired>true</IsRequired><Value i:type="a:double" xmlns:a="http://www.w3.org/2001/XMLSchema">0</Value></Attribute><Attribute z:Id="i149"><AttributeType>izz</AttributeType><IsRequired>true</IsRequired><Value i:type="a:double" xmlns:a="http://www.w3.org/2001/XMLSchema">0</Value></Attribute></Attributes><ChildElements/><ElementName>inertia</ElementName><required>false</required><IxxAttribute z:Ref="i144"/><IxyAttribute z:Ref="i145"/><IxzAttribute z:Ref="i146"/><IyyAttribute z:Ref="i147"/><IyzAttribute z:Ref="i148"/><IzzAttribute z:Ref="i149"/></URDFElement></ChildElements><ElementName>inertial</ElementName><required>false</required><Inertia z:Ref="i143"/><Mass z:Ref="i141"/><Origin z:Ref="i138"/></URDFElement><URDFElement z:Id="i150" i:type="Visual"><Attributes/><ChildElements><URDFElement z:Id="i151" i:type="Origin"><Attributes><Attribute z:Id="i152"><AttributeType>xyz</AttributeType><IsRequired>true</IsRequired><Value i:type="a:ArrayOfdouble" xmlns:a="http://schemas.microsoft.com/2003/10/Serialization/Arrays"><a:double>0</a:double><a:double>0</a:double><a:double>0</a:double></Value></Attribute><Attribute z:Id="i153"><AttributeType>rpy</AttributeType><IsRequired>true</IsRequired><Value i:type="a:ArrayOfdouble" xmlns:a="http://schemas.microsoft.com/2003/10/Serialization/Arrays"><a:double>0</a:double><a:double>0</a:double><a:double>0</a:double></Value></Attribute></Attributes><ChildElements/><ElementName>origin</ElementName><required>false</required><RPYAttribute z:Ref="i153"/><XYZAttribute z:Ref="i152"/><isCustomized>false</isCustomized></URDFElement><URDFElement z:Id="i154" i:type="Geometry"><Attributes/><ChildElements><URDFElement z:Id="i155" i:type="Mesh"><Attributes><Attribute z:Id="i156"><AttributeType>filename</AttributeType><IsRequired>true</IsRequired><Value i:nil="true"/></Attribute></Attributes><ChildElements/><ElementName>mesh</ElementName><required>false</required><FilenameAttribute z:Ref="i156"/></URDFElement></ChildElements><ElementName>geometry</ElementName><required>true</required><Mesh z:Ref="i155"/></URDFElement><URDFElement z:Id="i157" i:type="Material"><Attributes><Attribute z:Id="i158"><AttributeType>name</AttributeType><IsRequired>true</IsRequired><Value i:type="a:string" xmlns:a="http://www.w3.org/2001/XMLSchema"/></Attribute></Attributes><ChildElements><URDFElement z:Id="i159" i:type="Color"><Attributes><Attribute z:Id="i160"><AttributeType>rgba</AttributeType><IsRequired>true</IsRequired><Value i:type="a:ArrayOfdouble" xmlns:a="http://schemas.microsoft.com/2003/10/Serialization/Arrays"><a:double>1</a:double><a:double>1</a:double><a:double>1</a:double><a:double>1</a:double></Value></Attribute></Attributes><ChildElements/><ElementName>color</ElementName><required>false</required><RGBAAttribute z:Ref="i160"/></URDFElement><URDFElement z:Id="i161" i:type="Texture"><Attributes><Attribute z:Id="i162"><AttributeType>filename</AttributeType><IsRequired>true</IsRequired><Value i:nil="true"/></Attribute></Attributes><ChildElements/><ElementName>texture</ElementName><required>false</required><FilenameAttribute z:Ref="i162"/><wFilename/></URDFElement></ChildElements><ElementName>material</ElementName><required>false</required><Color z:Ref="i159"/><NameAttribute z:Ref="i158"/><Texture z:Ref="i161"/></URDFElement></ChildElements><ElementName>visual</ElementName><required>false</required><Geometry z:Ref="i154"/><Material z:Ref="i157"/><Origin z:Ref="i151"/></URDFElement><URDFElement z:Id="i163" i:type="Collision"><Attributes/><ChildElements><URDFElement z:Id="i164" i:type="Origin"><Attributes><Attribute z:Id="i165"><AttributeType>xyz</AttributeType><IsRequired>true</IsRequired><Value i:type="a:ArrayOfdouble" xmlns:a="http://schemas.microsoft.com/2003/10/Serialization/Arrays"><a:double>0</a:double><a:double>0</a:double><a:double>0</a:double></Value></Attribute><Attribute z:Id="i166"><AttributeType>rpy</AttributeType><IsRequired>true</IsRequired><Value i:type="a:ArrayOfdouble" xmlns:a="http://schemas.microsoft.com/2003/10/Serialization/Arrays"><a:double>0</a:double><a:double>0</a:double><a:double>0</a:double></Value></Attribute></Attributes><ChildElements/><ElementName>origin</ElementName><required>false</required><RPYAttribute z:Ref="i166"/><XYZAttribute z:Ref="i165"/><isCustomized>false</isCustomized></URDFElement><URDFElement z:Id="i167" i:type="Geometry"><Attributes/><ChildElements><URDFElement z:Id="i168" i:type="Mesh"><Attributes><Attribute z:Id="i169"><AttributeType>filename</AttributeType><IsRequired>true</IsRequired><Value i:nil="true"/></Attribute></Attributes><ChildElements/><ElementName>mesh</ElementName><required>false</required><FilenameAttribute z:Ref="i169"/></URDFElement></ChildElements><ElementName>geometry</ElementName><required>true</required><Mesh z:Ref="i168"/></URDFElement></ChildElements><ElementName>collision</ElementName><required>false</required><Geometry z:Ref="i167"/><Origin z:Ref="i164"/></URDFElement><URDFElement z:Id="i170" i:type="Joint"><Attributes><Attribute z:Id="i171"><AttributeType>name</AttributeType><IsRequired>true</IsRequired><Value i:type="a:string" xmlns:a="http://www.w3.org/2001/XMLSchema">joint_2</Value></Attribute><Attribute z:Id="i172"><AttributeType>type</AttributeType><IsRequired>true</IsRequired><Value i:type="a:string" xmlns:a="http://www.w3.org/2001/XMLSchema">revolute</Value></Attribute></Attributes><ChildElements><URDFElement z:Id="i173" i:type="Origin"><Attributes><Attribute z:Id="i174"><AttributeType>xyz</AttributeType><IsRequired>true</IsRequired><Value i:type="a:ArrayOfdouble" xmlns:a="http://schemas.microsoft.com/2003/10/Serialization/Arrays"><a:double>0</a:double><a:double>0</a:double><a:double>0</a:double></Value></Attribute><Attribute z:Id="i175"><AttributeType>rpy</AttributeType><IsRequired>true</IsRequired><Value i:type="a:ArrayOfdouble" xmlns:a="http://schemas.microsoft.com/2003/10/Serialization/Arrays"><a:double>0</a:double><a:double>0</a:double><a:double>0</a:double></Value></Attribute></Attributes><ChildElements/><ElementName>origin</ElementName><required>false</required><RPYAttribute z:Ref="i175"/><XYZAttribute z:Ref="i174"/><isCustomized>false</isCustomized></URDFElement><URDFElement z:Id="i176" i:type="ParentLink"><Attributes><Attribute z:Id="i177"><AttributeType>link</AttributeType><IsRequired>true</IsRequired><Value i:type="a:string" xmlns:a="http://www.w3.org/2001/XMLSchema"/></Attribute></Attributes><ChildElements/><ElementName>parent</ElementName><required>true</required><NameAttribute z:Ref="i177"/></URDFElement><URDFElement z:Id="i178" i:type="ChildLink"><Attributes><Attribute z:Id="i179"><AttributeType>link</AttributeType><IsRequired>true</IsRequired><Value i:type="a:string" xmlns:a="http://www.w3.org/2001/XMLSchema"/></Attribute></Attributes><ChildElements/><ElementName>child</ElementName><required>true</required><NameAttribute z:Ref="i179"/></URDFElement><URDFElement z:Id="i180" i:type="Axis"><Attributes><Attribute z:Id="i181"><AttributeType>xyz</AttributeType><IsRequired>true</IsRequired><Value i:type="a:ArrayOfdouble" xmlns:a="http://schemas.microsoft.com/2003/10/Serialization/Arrays"><a:double>0</a:double><a:double>0</a:double><a:double>0</a:double></Value></Attribute></Attributes><ChildElements/><ElementName>axis</ElementName><required>false</required><XYZAttribute z:Ref="i181"/></URDFElement><URDFElement z:Id="i182" i:type="Limit"><Attributes><Attribute z:Id="i183"><AttributeType>lower</AttributeType><IsRequired>false</IsRequired><Value i:nil="true"/></Attribute><Attribute z:Id="i184"><AttributeType>upper</AttributeType><IsRequired>false</IsRequired><Value i:nil="true"/></Attribute><Attribute z:Id="i185"><AttributeType>effort</AttributeType><IsRequired>true</IsRequired><Value i:nil="true"/></Attribute><Attribute z:Id="i186"><AttributeType>velocity</AttributeType><IsRequired>true</IsRequired><Value i:nil="true"/></Attribute></Attributes><ChildElements/><ElementName>limit</ElementName><required>false</required><EffortAttribute z:Ref="i185"/><LowerAttribute z:Ref="i183"/><UpperAttribute z:Ref="i184"/><VelocityAttribute z:Ref="i186"/></URDFElement><URDFElement z:Id="i187" i:type="Calibration"><Attributes><Attribute z:Id="i188"><AttributeType>rising</AttributeType><IsRequired>false</IsRequired><Value i:nil="true"/></Attribute><Attribute z:Id="i189"><AttributeType>falling</AttributeType><IsRequired>false</IsRequired><Value i:nil="true"/></Attribute></Attributes><ChildElements/><ElementName>calibration</ElementName><required>false</required><FallingAttribute z:Ref="i189"/><RisingAttribute z:Ref="i188"/></URDFElement><URDFElement z:Id="i190" i:type="Dynamics"><Attributes><Attribute z:Id="i191"><AttributeType>damping</AttributeType><IsRequired>false</IsRequired><Value i:nil="true"/></Attribute><Attribute z:Id="i192"><AttributeType>friction</AttributeType><IsRequired>false</IsRequired><Value i:nil="true"/></Attribute></Attributes><ChildElements/><ElementName>dynamics</ElementName><required>false</required><DampingAttribute z:Ref="i191"/><FrictionAttribute z:Ref="i192"/></URDFElement><URDFElement z:Id="i193" i:type="SafetyController"><Attributes><Attribute z:Id="i194"><AttributeType>soft_upper_limit</AttributeType><IsRequired>false</IsRequired><Value i:nil="true"/></Attribute><Attribute z:Id="i195"><AttributeType>soft_lower_limit</AttributeType><IsRequired>false</IsRequired><Value i:nil="true"/></Attribute><Attribute z:Id="i196"><AttributeType>k_position</AttributeType><IsRequired>false</IsRequired><Value i:nil="true"/></Attribute><Attribute z:Id="i197"><AttributeType>k_velocity</AttributeType><IsRequired>true</IsRequired><Value i:nil="true"/></Attribute></Attributes><ChildElements/><ElementName>safety_controller</ElementName><required>false</required><KPositionAttribute z:Ref="i196"/><KVelocityAttribute z:Ref="i197"/><SoftLowerAttribute z:Ref="i195"/><SoftUpperAttribute z:Ref="i194"/></URDFElement><URDFElement z:Id="i198" i:type="Mimic"><Attributes><Attribute z:Id="i199"><AttributeType>joint</AttributeType><IsRequired>true</IsRequired><Value i:nil="true"/></Attribute><Attribute z:Id="i200"><AttributeType>multiplier</AttributeType><IsRequired>false</IsRequired><Value i:nil="true"/></Attribute><Attribute z:Id="i201"><AttributeType>offset</AttributeType><IsRequired>false</IsRequired><Value i:nil="true"/></Attribute></Attributes><ChildElements/><ElementName>mimic</ElementName><required>false</required><JointNameAttribute z:Ref="i199"/><MultiplierAttribute z:Ref="i200"/><OffsetAttribute z:Ref="i201"/></URDFElement></ChildElements><ElementName>joint</ElementName><required>false</required><Axis z:Ref="i180"/><AxisName>Axis2</AxisName><Calibration z:Ref="i187"/><Child z:Ref="i178"/><CoordinateSystemName>Coordinate System3</CoordinateSystemName><Dynamics z:Ref="i190"/><Limit z:Ref="i182"/><Mimic z:Ref="i198"/><NameAttribute z:Ref="i171"/><Origin z:Ref="i173"/><Parent z:Ref="i176"/><Safety z:Ref="i193"/><TypeAttribute z:Ref="i172"/></URDFElement></ChildElements><ElementName>link</ElementName><required>true</required><Children/><Collision z:Ref="i163"/><Inertial z:Ref="i137"/><Joint z:Ref="i170"/><NameAttribute z:Ref="i136"/><Parent z:Ref="i68"/><STLQualityFine>false</STLQualityFine><SWComponentPIDs xmlns:a="http://schemas.microsoft.com/2003/10/Serialization/Arrays"><a:base64Binary>sDYAAAUAAAD//v8OUABhAHIAdAAzAC0AMQBAAEEAcwBzAGUAbQAxAAQAAAAQAAAAAQAAAAEAAAAaAAAA</a:base64Binary></SWComponentPIDs><SWMainComponentPID i:nil="true"/><Visual z:Ref="i150"/><isFixedFrame>false</isFixedFrame><isIncomplete>false</isIncomplete></Link></Children><Collision z:Ref="i96"/><Inertial z:Ref="i70"/><Joint z:Ref="i103"/><NameAttribute z:Ref="i69"/><Parent z:Ref="i1"/><STLQualityFine>false</STLQualityFine><SWComponentPIDs xmlns:a="http://schemas.microsoft.com/2003/10/Serialization/Arrays"><a:base64Binary>sDYAAAUAAAD//v8OUABhAHIAdAAyAC0AMQBAAEEAcwBzAGUAbQAxAAQAAAAQAAAAAQAAAAEAAAAZAAAA</a:base64Binary></SWComponentPIDs><SWMainComponentPID i:nil="true"/><Visual z:Ref="i83"/><isFixedFrame>false</isFixedFrame><isIncomplete>false</isIncomplete></Link></Children><Collision z:Ref="i29"/><Inertial z:Ref="i3"/><Joint z:Ref="i36"/><NameAttribute z:Ref="i2"/><Parent i:nil="true"/><STLQualityFine>false</STLQualityFine><SWComponentPIDs xmlns:a="http://schemas.microsoft.com/2003/10/Serialization/Arrays"><a:base64Binary>sDYAAAUAAAD//v8OUABhAHIAdAAxAC0AMQBAAEEAcwBzAGUAbQAxAAQAAAAQAAAAAQAAAAEAAAAYAAAA</a:base64Binary></SWComponentPIDs><SWMainComponentPID i:nil="true"/><Visual z:Ref="i16"/><isFixedFrame>false</isFixedFrame><isIncomplete>false</isIncomplete></Link>
2023-12-13 04:59:43,094 INFO  AssemblyExportForm.cs: 309 - Saving URDF package to D:\Solid projects\Robotic arm\Assem1
2023-12-13 04:59:43,096 INFO  ExportHelper.cs: 147 - Beginning the export process
2023-12-13 04:59:43,100 INFO  ExportHelper.cs: 153 - Creating package directories with name Assem1 and save path D:\Solid projects\Robotic arm
2023-12-13 04:59:47,782 INFO  ExportHelper.cs: 162 - Creating CMakeLists.txt at D:\Solid projects\Robotic arm\Assem1\CMakeLists.txt
2023-12-13 04:59:47,784 INFO  ExportHelper.cs: 166 - Creating joint names config at D:\Solid projects\Robotic arm\Assem1\config\joint_names_Assem1.yaml
2023-12-13 04:59:47,786 INFO  ExportHelper.cs: 170 - Creating package.xml at D:\Solid projects\Robotic arm\Assem1\package.xml
2023-12-13 04:59:47,792 INFO  PackageXMLWriter.cs: 21 - Creating package.xml at D:\Solid projects\Robotic arm\Assem1\package.xml
2023-12-13 04:59:47,803 INFO  ExportHelper.cs: 177 - Creating RVIZ launch file in D:\Solid projects\Robotic arm\Assem1\launch\
2023-12-13 04:59:47,810 INFO  ExportHelper.cs: 182 - Creating Gazebo launch file in D:\Solid projects\Robotic arm\Assem1\launch\
2023-12-13 04:59:47,813 INFO  ExportHelper.cs: 187 - Saving existing STL preferences
2023-12-13 04:59:47,820 INFO  ExportHelper.cs: 450 - Saving users preferences
2023-12-13 04:59:47,825 INFO  ExportHelper.cs: 190 - Modifying STL preferences
2023-12-13 04:59:47,828 INFO  ExportHelper.cs: 464 - Setting STL preferences
2023-12-13 04:59:47,850 INFO  ExportHelper.cs: 196 - Found 0 hidden components 
2023-12-13 04:59:47,851 INFO  ExportHelper.cs: 197 - Hiding all components
2023-12-13 04:59:48,040 INFO  ExportHelper.cs: 204 - Beginning individual files export
2023-12-13 04:59:48,045 INFO  ExportHelper.cs: 270 - Exporting link: base_link
2023-12-13 04:59:48,046 INFO  ExportHelper.cs: 272 - Link base_link has 1 children
2023-12-13 04:59:48,050 INFO  ExportHelper.cs: 270 - Exporting link: link_1
2023-12-13 04:59:48,050 INFO  ExportHelper.cs: 272 - Link link_1 has 1 children
2023-12-13 04:59:48,058 INFO  ExportHelper.cs: 270 - Exporting link: link_2
2023-12-13 04:59:48,058 INFO  ExportHelper.cs: 272 - Link link_2 has 0 children
2023-12-13 04:59:48,059 INFO  ExportHelper.cs: 317 - link_2: Exporting STL with coordinate frame Coordinate System3
2023-12-13 04:59:48,060 INFO  ExportHelper.cs: 322 - link_2: Reference geometry name 
2023-12-13 04:59:48,135 INFO  ExportHelper.cs: 330 - Saving STL to D:\Solid projects\Robotic arm\Assem1\meshes\link_2.STL
2023-12-13 04:59:48,300 INFO  ExportHelper.cs: 405 - Removing SW header in STL file
2023-12-13 04:59:48,301 INFO  ExportHelper.cs: 317 - link_1: Exporting STL with coordinate frame Coordinate System2
2023-12-13 04:59:48,302 INFO  ExportHelper.cs: 322 - link_1: Reference geometry name 
2023-12-13 04:59:48,408 INFO  ExportHelper.cs: 330 - Saving STL to D:\Solid projects\Robotic arm\Assem1\meshes\link_1.STL
2023-12-13 04:59:48,462 INFO  ExportHelper.cs: 405 - Removing SW header in STL file
2023-12-13 04:59:48,463 INFO  ExportHelper.cs: 317 - base_link: Exporting STL with coordinate frame Coordinate System1
2023-12-13 04:59:48,464 INFO  ExportHelper.cs: 322 - base_link: Reference geometry name 
2023-12-13 04:59:48,627 INFO  ExportHelper.cs: 330 - Saving STL to D:\Solid projects\Robotic arm\Assem1\meshes\base_link.STL
2023-12-13 04:59:48,749 INFO  ExportHelper.cs: 405 - Removing SW header in STL file
2023-12-13 04:59:48,750 INFO  ExportHelper.cs: 145 - Showing all components except previously hidden components
2023-12-13 04:59:48,939 INFO  ExportHelper.cs: 145 - Resetting STL preferences
2023-12-13 04:59:48,940 INFO  ExportHelper.cs: 478 - Returning STL preferences to user preferences
2023-12-13 04:59:48,940 INFO  ExportHelper.cs: 228 - Writing URDF file to D:\Solid projects\Robotic arm\Assem1\urdf\Assem1.urdf
2023-12-13 04:59:49,070 INFO  CSVImportExport.cs: 32 - Writing CSV file D:\Solid projects\Robotic arm\Assem1\urdf\Assem1.csv
2023-12-13 04:59:49,144 ERROR CSVImportExport.cs: 130 - The following columns were not written to the CSV: Link.Joint.ChildLink.link,
2023-12-13 04:59:49,147 ERROR CSVImportExport.cs: 130 - The following columns were not written to the CSV: Link.Joint.ChildLink.link,
2023-12-13 04:59:49,148 ERROR CSVImportExport.cs: 130 - The following columns were not written to the CSV: Link.Joint.ChildLink.link,
2023-12-13 04:59:49,151 INFO  ExportHelper.cs: 234 - Copying log file
2023-12-13 04:59:49,161 INFO  ExportHelper.cs: 439 - Copying C:\Users\ayush\sw2urdf_logs\sw2urdf.log to D:\Solid projects\Robotic arm\Assem1\export.log
